2018-03-05 22:45:27 DEBUG BasicClientConnectionManager:161 - Get connection for route {}->http://localhost:8080
2018-03-05 22:45:27 DEBUG DefaultClientConnectionOperator:177 - Connecting to localhost:8080
2018-03-05 22:45:27 DEBUG RequestAddCookies:123 - CookieSpec selected: ignoreCookies
2018-03-05 22:45:27 DEBUG RequestAuthCache:77 - Auth cache not set in the context
2018-03-05 22:45:27 DEBUG RequestTargetAuthentication:80 - Target auth state: UNCHALLENGED
2018-03-05 22:45:27 DEBUG RequestProxyAuthentication:89 - Proxy auth state: UNCHALLENGED
2018-03-05 22:45:27 DEBUG DefaultHttpClient:682 - Attempt 1 to execute request
2018-03-05 22:45:27 DEBUG DefaultClientConnection:274 - Sending request: POST /rest/auth/1/session HTTP/1.1
2018-03-05 22:45:27 DEBUG wire:73 -  >> "POST /rest/auth/1/session HTTP/1.1[\r][\n]"
2018-03-05 22:45:27 DEBUG wire:73 -  >> "Accept: */*[\r][\n]"
2018-03-05 22:45:27 DEBUG wire:73 -  >> "Content-Type: application/json; charset=UTF-8[\r][\n]"
2018-03-05 22:45:27 DEBUG wire:73 -  >> "Content-Length: 49[\r][\n]"
2018-03-05 22:45:27 DEBUG wire:73 -  >> "Host: localhost:8080[\r][\n]"
2018-03-05 22:45:27 DEBUG wire:73 -  >> "Connection: Keep-Alive[\r][\n]"
2018-03-05 22:45:27 DEBUG wire:73 -  >> "User-Agent: Apache-HttpClient/4.5.3 (Java/1.8.0_151)[\r][\n]"
2018-03-05 22:45:27 DEBUG wire:73 -  >> "Accept-Encoding: gzip,deflate[\r][\n]"
2018-03-05 22:45:27 DEBUG wire:73 -  >> "[\r][\n]"
2018-03-05 22:45:27 DEBUG headers:278 - >> POST /rest/auth/1/session HTTP/1.1
2018-03-05 22:45:27 DEBUG headers:281 - >> Accept: */*
2018-03-05 22:45:27 DEBUG headers:281 - >> Content-Type: application/json; charset=UTF-8
2018-03-05 22:45:27 DEBUG headers:281 - >> Content-Length: 49
2018-03-05 22:45:27 DEBUG headers:281 - >> Host: localhost:8080
2018-03-05 22:45:27 DEBUG headers:281 - >> Connection: Keep-Alive
2018-03-05 22:45:27 DEBUG headers:281 - >> User-Agent: Apache-HttpClient/4.5.3 (Java/1.8.0_151)
2018-03-05 22:45:27 DEBUG headers:281 - >> Accept-Encoding: gzip,deflate
2018-03-05 22:45:27 DEBUG wire:73 -  >> "{[\r][\n]"
2018-03-05 22:45:27 DEBUG wire:73 -  >> "  "username":"jahid",[\r][\n]"
2018-03-05 22:45:27 DEBUG wire:73 -  >> "  "password":"12345"[\r][\n]"
2018-03-05 22:45:27 DEBUG wire:87 -  >> "}"
2018-03-05 22:45:28 DEBUG wire:73 -  << "HTTP/1.1 200 [\r][\n]"
2018-03-05 22:45:28 DEBUG wire:73 -  << "X-AREQUESTID: 1365x794x1[\r][\n]"
2018-03-05 22:45:28 DEBUG wire:73 -  << "X-XSS-Protection: 1; mode=block[\r][\n]"
2018-03-05 22:45:28 DEBUG wire:73 -  << "X-Content-Type-Options: nosniff[\r][\n]"
2018-03-05 22:45:28 DEBUG wire:73 -  << "X-Frame-Options: SAMEORIGIN[\r][\n]"
2018-03-05 22:45:28 DEBUG wire:73 -  << "Content-Security-Policy: frame-ancestors 'self'[\r][\n]"
2018-03-05 22:45:28 DEBUG wire:73 -  << "X-ASEN: SEN-L11205064[\r][\n]"
2018-03-05 22:45:28 DEBUG wire:73 -  << "Set-Cookie: atlassian.xsrf.token=B7CE-W3BH-K0H6-IJ62|8b78b056a550a1df7a3ca695e625b9dcb171c4ec|lout;path=/[\r][\n]"
2018-03-05 22:45:28 DEBUG wire:73 -  << "X-AUSERNAME: anonymous[\r][\n]"
2018-03-05 22:45:28 DEBUG wire:73 -  << "Set-Cookie: JSESSIONID=9C8FE0DF91186F42F4638D6EBA484E3B;path=/;HttpOnly[\r][\n]"
2018-03-05 22:45:28 DEBUG wire:73 -  << "X-Seraph-LoginReason: OK[\r][\n]"
2018-03-05 22:45:28 DEBUG wire:73 -  << "Cache-Control: no-cache, no-store, no-transform[\r][\n]"
2018-03-05 22:45:28 DEBUG wire:73 -  << "Content-Encoding: gzip[\r][\n]"
2018-03-05 22:45:28 DEBUG wire:73 -  << "Vary: User-Agent[\r][\n]"
2018-03-05 22:45:28 DEBUG wire:73 -  << "Content-Type: application/json;charset=UTF-8[\r][\n]"
2018-03-05 22:45:28 DEBUG wire:73 -  << "Transfer-Encoding: chunked[\r][\n]"
2018-03-05 22:45:28 DEBUG wire:73 -  << "Date: Tue, 06 Mar 2018 03:45:28 GMT[\r][\n]"
2018-03-05 22:45:28 DEBUG wire:73 -  << "[\r][\n]"
2018-03-05 22:45:28 DEBUG DefaultClientConnection:259 - Receiving response: HTTP/1.1 200 
2018-03-05 22:45:28 DEBUG headers:262 - << HTTP/1.1 200 
2018-03-05 22:45:28 DEBUG headers:265 - << X-AREQUESTID: 1365x794x1
2018-03-05 22:45:28 DEBUG headers:265 - << X-XSS-Protection: 1; mode=block
2018-03-05 22:45:28 DEBUG headers:265 - << X-Content-Type-Options: nosniff
2018-03-05 22:45:28 DEBUG headers:265 - << X-Frame-Options: SAMEORIGIN
2018-03-05 22:45:28 DEBUG headers:265 - << Content-Security-Policy: frame-ancestors 'self'
2018-03-05 22:45:28 DEBUG headers:265 - << X-ASEN: SEN-L11205064
2018-03-05 22:45:28 DEBUG headers:265 - << Set-Cookie: atlassian.xsrf.token=B7CE-W3BH-K0H6-IJ62|8b78b056a550a1df7a3ca695e625b9dcb171c4ec|lout;path=/
2018-03-05 22:45:28 DEBUG headers:265 - << X-AUSERNAME: anonymous
2018-03-05 22:45:28 DEBUG headers:265 - << Set-Cookie: JSESSIONID=9C8FE0DF91186F42F4638D6EBA484E3B;path=/;HttpOnly
2018-03-05 22:45:28 DEBUG headers:265 - << X-Seraph-LoginReason: OK
2018-03-05 22:45:28 DEBUG headers:265 - << Cache-Control: no-cache, no-store, no-transform
2018-03-05 22:45:28 DEBUG headers:265 - << Content-Encoding: gzip
2018-03-05 22:45:28 DEBUG headers:265 - << Vary: User-Agent
2018-03-05 22:45:28 DEBUG headers:265 - << Content-Type: application/json;charset=UTF-8
2018-03-05 22:45:28 DEBUG headers:265 - << Transfer-Encoding: chunked
2018-03-05 22:45:28 DEBUG headers:265 - << Date: Tue, 06 Mar 2018 03:45:28 GMT
2018-03-05 22:45:28 DEBUG DefaultHttpClient:509 - Connection can be kept alive indefinitely
2018-03-05 22:45:28 DEBUG RequestSpecificationImpl$RestAssuredHttpBuilder:544 - Parsing response as: application/json;charset=UTF-8
2018-03-05 22:45:28 DEBUG wire:73 -  << "b5[\r][\n]"
2018-03-05 22:45:28 DEBUG wire:73 -  << "[0x1f][0x8b][0x8][0x0][0x0][0x0][0x0][0x0][0x0][0x0]l[0x8e][0xcb][\n]"
2018-03-05 22:45:28 DEBUG wire:87 -  << "[0x83]0[0x14]D[0xff][0xe5][0xae]Un[0xe2]U[0x92][0xec][0xea]#`)[0xed]B@[0xa8]-[0x1][0x9b][0x94]F[0xdd][0x88][0xff]^m[0x85]n[0xba][0x9c][0xc3][0x9c]af[0xf0][0x9d][0xf7][0xc6]YP3[0xd8][0xf6][0xd1][0x81][0x82]c][0xd6]uu9W[0x5][0x4]0[0xb5][0xfd][0xb8]A[0x99][0xb]]b[0xa1]%c"[0xd5][0xc4]5[0xa5][0xb1]([0xd2]2;[0x90][0xa0]2[0xce]`[0x9][0xa0]wwc+{s[0xdb][0xd8][0xad]5}w=m(w[0xa3][0x1d]@[0xf1][0xbd][0xb1][0xc7][0x98][0xd6][0xdc][0xfa]A[0xff][0x8a][0x8d][0xf9][0x1c][0xe0][0xc8]D[0x88]q[0x88][0xd4]0T[0xc8]T"#[0x14]+J[0x10][0xd7]K[0xcf]W7[0x19]7[0xfa][0xbf]J[0xd2]0R[0x8c]+N[0x11][0x91][0xfc]*[0xcb][0xf2][0x6][0x0][0x0][0xff][0xff]"
2018-03-05 22:45:28 DEBUG wire:73 -  << "[\r][\n]"
2018-03-05 22:45:28 DEBUG wire:73 -  << "a[\r][\n]"
2018-03-05 22:45:28 DEBUG wire:87 -  << "[0x3][0x0][0x15]kq[0x93][0xe7][0x0][0x0][0x0]"
2018-03-05 22:45:28 DEBUG wire:73 -  << "[\r][\n]"
2018-03-05 22:45:28 DEBUG wire:73 -  << "0[\r][\n]"
2018-03-05 22:45:28 DEBUG wire:73 -  << "[\r][\n]"
2018-03-05 22:45:28 DEBUG RequestSpecificationImpl$RestAssuredHttpBuilder:547 - Parsed data to instance of: class org.apache.http.conn.EofSensorInputStream
2018-03-05 22:45:29 DEBUG BasicClientConnectionManager:200 - Releasing connection org.apache.http.impl.conn.ManagedClientConnectionImpl@65045a87
2018-03-05 22:45:29 DEBUG BasicClientConnectionManager:225 - Connection can be kept alive indefinitely
2018-03-05 22:47:39 DEBUG BasicClientConnectionManager:161 - Get connection for route {}->http://localhost:8080
2018-03-05 22:47:39 DEBUG DefaultClientConnectionOperator:177 - Connecting to localhost:8080
2018-03-05 22:47:39 DEBUG RequestAddCookies:123 - CookieSpec selected: ignoreCookies
2018-03-05 22:47:39 DEBUG RequestAuthCache:77 - Auth cache not set in the context
2018-03-05 22:47:39 DEBUG RequestTargetAuthentication:80 - Target auth state: UNCHALLENGED
2018-03-05 22:47:39 DEBUG RequestProxyAuthentication:89 - Proxy auth state: UNCHALLENGED
2018-03-05 22:47:39 DEBUG DefaultHttpClient:682 - Attempt 1 to execute request
2018-03-05 22:47:39 DEBUG DefaultClientConnection:274 - Sending request: POST /rest/auth/1/session HTTP/1.1
2018-03-05 22:47:39 DEBUG wire:73 -  >> "POST /rest/auth/1/session HTTP/1.1[\r][\n]"
2018-03-05 22:47:39 DEBUG wire:73 -  >> "Accept: */*[\r][\n]"
2018-03-05 22:47:39 DEBUG wire:73 -  >> "Content-Type: application/json; charset=UTF-8[\r][\n]"
2018-03-05 22:47:39 DEBUG wire:73 -  >> "Content-Length: 49[\r][\n]"
2018-03-05 22:47:39 DEBUG wire:73 -  >> "Host: localhost:8080[\r][\n]"
2018-03-05 22:47:39 DEBUG wire:73 -  >> "Connection: Keep-Alive[\r][\n]"
2018-03-05 22:47:39 DEBUG wire:73 -  >> "User-Agent: Apache-HttpClient/4.5.3 (Java/1.8.0_151)[\r][\n]"
2018-03-05 22:47:39 DEBUG wire:73 -  >> "Accept-Encoding: gzip,deflate[\r][\n]"
2018-03-05 22:47:39 DEBUG wire:73 -  >> "[\r][\n]"
2018-03-05 22:47:39 DEBUG headers:278 - >> POST /rest/auth/1/session HTTP/1.1
2018-03-05 22:47:39 DEBUG headers:281 - >> Accept: */*
2018-03-05 22:47:39 DEBUG headers:281 - >> Content-Type: application/json; charset=UTF-8
2018-03-05 22:47:39 DEBUG headers:281 - >> Content-Length: 49
2018-03-05 22:47:39 DEBUG headers:281 - >> Host: localhost:8080
2018-03-05 22:47:39 DEBUG headers:281 - >> Connection: Keep-Alive
2018-03-05 22:47:39 DEBUG headers:281 - >> User-Agent: Apache-HttpClient/4.5.3 (Java/1.8.0_151)
2018-03-05 22:47:39 DEBUG headers:281 - >> Accept-Encoding: gzip,deflate
2018-03-05 22:47:39 DEBUG wire:73 -  >> "{[\r][\n]"
2018-03-05 22:47:39 DEBUG wire:73 -  >> "  "username":"jahid",[\r][\n]"
2018-03-05 22:47:39 DEBUG wire:73 -  >> "  "password":"12345"[\r][\n]"
2018-03-05 22:47:39 DEBUG wire:87 -  >> "}"
2018-03-05 22:47:40 DEBUG wire:73 -  << "HTTP/1.1 200 [\r][\n]"
2018-03-05 22:47:40 DEBUG wire:73 -  << "X-AREQUESTID: 1367x795x1[\r][\n]"
2018-03-05 22:47:40 DEBUG wire:73 -  << "X-XSS-Protection: 1; mode=block[\r][\n]"
2018-03-05 22:47:40 DEBUG wire:73 -  << "X-Content-Type-Options: nosniff[\r][\n]"
2018-03-05 22:47:40 DEBUG wire:73 -  << "X-Frame-Options: SAMEORIGIN[\r][\n]"
2018-03-05 22:47:40 DEBUG wire:73 -  << "Content-Security-Policy: frame-ancestors 'self'[\r][\n]"
2018-03-05 22:47:40 DEBUG wire:73 -  << "X-ASEN: SEN-L11205064[\r][\n]"
2018-03-05 22:47:40 DEBUG wire:73 -  << "Set-Cookie: atlassian.xsrf.token=B7CE-W3BH-K0H6-IJ62|9f2d37d5775418447cf030e61ea91fb74210ddac|lout;path=/[\r][\n]"
2018-03-05 22:47:40 DEBUG wire:73 -  << "X-AUSERNAME: anonymous[\r][\n]"
2018-03-05 22:47:40 DEBUG wire:73 -  << "Set-Cookie: JSESSIONID=5EF3708C44201FACDEEC2B8EADF20149;path=/;HttpOnly[\r][\n]"
2018-03-05 22:47:40 DEBUG wire:73 -  << "X-Seraph-LoginReason: OK[\r][\n]"
2018-03-05 22:47:40 DEBUG wire:73 -  << "Cache-Control: no-cache, no-store, no-transform[\r][\n]"
2018-03-05 22:47:40 DEBUG wire:73 -  << "Content-Encoding: gzip[\r][\n]"
2018-03-05 22:47:40 DEBUG wire:73 -  << "Vary: User-Agent[\r][\n]"
2018-03-05 22:47:40 DEBUG wire:73 -  << "Content-Type: application/json;charset=UTF-8[\r][\n]"
2018-03-05 22:47:40 DEBUG wire:73 -  << "Transfer-Encoding: chunked[\r][\n]"
2018-03-05 22:47:40 DEBUG wire:73 -  << "Date: Tue, 06 Mar 2018 03:47:40 GMT[\r][\n]"
2018-03-05 22:47:40 DEBUG wire:73 -  << "[\r][\n]"
2018-03-05 22:47:40 DEBUG DefaultClientConnection:259 - Receiving response: HTTP/1.1 200 
2018-03-05 22:47:40 DEBUG headers:262 - << HTTP/1.1 200 
2018-03-05 22:47:40 DEBUG headers:265 - << X-AREQUESTID: 1367x795x1
2018-03-05 22:47:40 DEBUG headers:265 - << X-XSS-Protection: 1; mode=block
2018-03-05 22:47:40 DEBUG headers:265 - << X-Content-Type-Options: nosniff
2018-03-05 22:47:40 DEBUG headers:265 - << X-Frame-Options: SAMEORIGIN
2018-03-05 22:47:40 DEBUG headers:265 - << Content-Security-Policy: frame-ancestors 'self'
2018-03-05 22:47:40 DEBUG headers:265 - << X-ASEN: SEN-L11205064
2018-03-05 22:47:40 DEBUG headers:265 - << Set-Cookie: atlassian.xsrf.token=B7CE-W3BH-K0H6-IJ62|9f2d37d5775418447cf030e61ea91fb74210ddac|lout;path=/
2018-03-05 22:47:40 DEBUG headers:265 - << X-AUSERNAME: anonymous
2018-03-05 22:47:40 DEBUG headers:265 - << Set-Cookie: JSESSIONID=5EF3708C44201FACDEEC2B8EADF20149;path=/;HttpOnly
2018-03-05 22:47:40 DEBUG headers:265 - << X-Seraph-LoginReason: OK
2018-03-05 22:47:40 DEBUG headers:265 - << Cache-Control: no-cache, no-store, no-transform
2018-03-05 22:47:40 DEBUG headers:265 - << Content-Encoding: gzip
2018-03-05 22:47:40 DEBUG headers:265 - << Vary: User-Agent
2018-03-05 22:47:40 DEBUG headers:265 - << Content-Type: application/json;charset=UTF-8
2018-03-05 22:47:40 DEBUG headers:265 - << Transfer-Encoding: chunked
2018-03-05 22:47:40 DEBUG headers:265 - << Date: Tue, 06 Mar 2018 03:47:40 GMT
2018-03-05 22:47:40 DEBUG DefaultHttpClient:509 - Connection can be kept alive indefinitely
2018-03-05 22:47:40 DEBUG RequestSpecificationImpl$RestAssuredHttpBuilder:544 - Parsing response as: application/json;charset=UTF-8
2018-03-05 22:47:40 DEBUG wire:73 -  << "b4[\r][\n]"
2018-03-05 22:47:40 DEBUG wire:73 -  << "[0x1f][0x8b][0x8][0x0][0x0][0x0][0x0][0x0][0x0][0x0]l[0x8e]A[\n]"
2018-03-05 22:47:40 DEBUG wire:87 -  << "[0x83]0[0x14]D[0xef][0xf2][0xd7]*?1[0xa1]1;[0xab][0x9]XJ[0xbb][0xd0][0xb][0x8][0xd5][0x12][0xb0]Ii[0xd4][0x8d]x[0xf7][0xc6]V[0xe8][0xa6][0xcb]y[0xcc][0x1b]f[0x1][0xdf]yo[0x9c][0x5][0xb9][0x80]m[0x1f][0x1d]H8[0xd5][0xaa][0xae][0xab][0xeb][0xa5]*![0x82][0xb9][0x1d][0xa6][\r]r[0xa5][0xd3][0x3][0x8a][0x82]1[0x8a]D[0xe7]E[0xa9]TA[0x8f]B[0xe5][0xa5][0xe][0x80]e[0xb0]F0[0xb8][0xbb][0xb1][0x95][0xed][0xdd]6[0xd6][0xb7]f[0xe8]n[0xe7][\r][0x15]n[0xb2]#H[0xba]7[0xf6][0x98][0xf2][0x90][?[0xea]_[0xb1]1[0x9f][0x3]aP[0xc4][0x98][0xc6][0xc8][0x1a][0x82][0x12][0x89][0xe4]Y[0x82]" [0x8e][0x18].=_[0xdd]l[0xdc][0xe4][0xff]*[0xbc][0xa1]T2.[0xa9]H[0x90][0x90][0xaf][0xb2][0xae]o[0x0][0x0][0x0][0xff][0xff]"
2018-03-05 22:47:40 DEBUG wire:73 -  << "[\r][\n]"
2018-03-05 22:47:40 DEBUG wire:73 -  << "a[\r][\n]"
2018-03-05 22:47:40 DEBUG wire:87 -  << "[0x3][0x0][0xff][0xf2][0x9]r[0xe7][0x0][0x0][0x0]"
2018-03-05 22:47:40 DEBUG wire:73 -  << "[\r][\n]"
2018-03-05 22:47:40 DEBUG wire:73 -  << "0[\r][\n]"
2018-03-05 22:47:40 DEBUG wire:73 -  << "[\r][\n]"
2018-03-05 22:47:40 DEBUG RequestSpecificationImpl$RestAssuredHttpBuilder:547 - Parsed data to instance of: class org.apache.http.conn.EofSensorInputStream
2018-03-05 22:47:41 DEBUG BasicClientConnectionManager:200 - Releasing connection org.apache.http.impl.conn.ManagedClientConnectionImpl@3700ec9c
2018-03-05 22:47:41 DEBUG BasicClientConnectionManager:225 - Connection can be kept alive indefinitely
2018-03-05 22:51:57 DEBUG BasicClientConnectionManager:161 - Get connection for route {}->http://localhost:8080
2018-03-05 22:51:57 DEBUG DefaultClientConnectionOperator:177 - Connecting to localhost:8080
2018-03-05 22:51:57 DEBUG RequestAddCookies:123 - CookieSpec selected: ignoreCookies
2018-03-05 22:51:57 DEBUG RequestAuthCache:77 - Auth cache not set in the context
2018-03-05 22:51:57 DEBUG RequestTargetAuthentication:80 - Target auth state: UNCHALLENGED
2018-03-05 22:51:57 DEBUG RequestProxyAuthentication:89 - Proxy auth state: UNCHALLENGED
2018-03-05 22:51:57 DEBUG DefaultHttpClient:682 - Attempt 1 to execute request
2018-03-05 22:51:57 DEBUG DefaultClientConnection:274 - Sending request: POST /rest/auth/1/session HTTP/1.1
2018-03-05 22:51:58 DEBUG wire:73 -  >> "POST /rest/auth/1/session HTTP/1.1[\r][\n]"
2018-03-05 22:51:58 DEBUG wire:73 -  >> "Accept: */*[\r][\n]"
2018-03-05 22:51:58 DEBUG wire:73 -  >> "Content-Type: application/json; charset=UTF-8[\r][\n]"
2018-03-05 22:51:58 DEBUG wire:73 -  >> "Content-Length: 49[\r][\n]"
2018-03-05 22:51:58 DEBUG wire:73 -  >> "Host: localhost:8080[\r][\n]"
2018-03-05 22:51:58 DEBUG wire:73 -  >> "Connection: Keep-Alive[\r][\n]"
2018-03-05 22:51:58 DEBUG wire:73 -  >> "User-Agent: Apache-HttpClient/4.5.3 (Java/1.8.0_151)[\r][\n]"
2018-03-05 22:51:58 DEBUG wire:73 -  >> "Accept-Encoding: gzip,deflate[\r][\n]"
2018-03-05 22:51:58 DEBUG wire:73 -  >> "[\r][\n]"
2018-03-05 22:51:58 DEBUG headers:278 - >> POST /rest/auth/1/session HTTP/1.1
2018-03-05 22:51:58 DEBUG headers:281 - >> Accept: */*
2018-03-05 22:51:58 DEBUG headers:281 - >> Content-Type: application/json; charset=UTF-8
2018-03-05 22:51:58 DEBUG headers:281 - >> Content-Length: 49
2018-03-05 22:51:58 DEBUG headers:281 - >> Host: localhost:8080
2018-03-05 22:51:58 DEBUG headers:281 - >> Connection: Keep-Alive
2018-03-05 22:51:58 DEBUG headers:281 - >> User-Agent: Apache-HttpClient/4.5.3 (Java/1.8.0_151)
2018-03-05 22:51:58 DEBUG headers:281 - >> Accept-Encoding: gzip,deflate
2018-03-05 22:51:58 DEBUG wire:73 -  >> "{[\r][\n]"
2018-03-05 22:51:58 DEBUG wire:73 -  >> "  "username":"jahid",[\r][\n]"
2018-03-05 22:51:58 DEBUG wire:73 -  >> "  "password":"12345"[\r][\n]"
2018-03-05 22:51:58 DEBUG wire:87 -  >> "}"
2018-03-05 22:51:58 DEBUG wire:73 -  << "HTTP/1.1 200 [\r][\n]"
2018-03-05 22:51:58 DEBUG wire:73 -  << "X-AREQUESTID: 1371x796x1[\r][\n]"
2018-03-05 22:51:58 DEBUG wire:73 -  << "X-XSS-Protection: 1; mode=block[\r][\n]"
2018-03-05 22:51:58 DEBUG wire:73 -  << "X-Content-Type-Options: nosniff[\r][\n]"
2018-03-05 22:51:58 DEBUG wire:73 -  << "X-Frame-Options: SAMEORIGIN[\r][\n]"
2018-03-05 22:51:58 DEBUG wire:73 -  << "Content-Security-Policy: frame-ancestors 'self'[\r][\n]"
2018-03-05 22:51:58 DEBUG wire:73 -  << "X-ASEN: SEN-L11205064[\r][\n]"
2018-03-05 22:51:58 DEBUG wire:73 -  << "Set-Cookie: atlassian.xsrf.token=B7CE-W3BH-K0H6-IJ62|60d279dd6cd65e9eaed3ac4666629630ad12d128|lout;path=/[\r][\n]"
2018-03-05 22:51:58 DEBUG wire:73 -  << "X-AUSERNAME: anonymous[\r][\n]"
2018-03-05 22:51:58 DEBUG wire:73 -  << "Set-Cookie: JSESSIONID=3CEA229A39B388B7770AE848D5A63157;path=/;HttpOnly[\r][\n]"
2018-03-05 22:51:58 DEBUG wire:73 -  << "X-Seraph-LoginReason: OK[\r][\n]"
2018-03-05 22:51:58 DEBUG wire:73 -  << "Cache-Control: no-cache, no-store, no-transform[\r][\n]"
2018-03-05 22:51:58 DEBUG wire:73 -  << "Content-Encoding: gzip[\r][\n]"
2018-03-05 22:51:58 DEBUG wire:73 -  << "Vary: User-Agent[\r][\n]"
2018-03-05 22:51:58 DEBUG wire:73 -  << "Content-Type: application/json;charset=UTF-8[\r][\n]"
2018-03-05 22:51:58 DEBUG wire:73 -  << "Transfer-Encoding: chunked[\r][\n]"
2018-03-05 22:51:58 DEBUG wire:73 -  << "Date: Tue, 06 Mar 2018 03:51:58 GMT[\r][\n]"
2018-03-05 22:51:58 DEBUG wire:73 -  << "[\r][\n]"
2018-03-05 22:51:58 DEBUG DefaultClientConnection:259 - Receiving response: HTTP/1.1 200 
2018-03-05 22:51:58 DEBUG headers:262 - << HTTP/1.1 200 
2018-03-05 22:51:58 DEBUG headers:265 - << X-AREQUESTID: 1371x796x1
2018-03-05 22:51:58 DEBUG headers:265 - << X-XSS-Protection: 1; mode=block
2018-03-05 22:51:58 DEBUG headers:265 - << X-Content-Type-Options: nosniff
2018-03-05 22:51:58 DEBUG headers:265 - << X-Frame-Options: SAMEORIGIN
2018-03-05 22:51:58 DEBUG headers:265 - << Content-Security-Policy: frame-ancestors 'self'
2018-03-05 22:51:58 DEBUG headers:265 - << X-ASEN: SEN-L11205064
2018-03-05 22:51:58 DEBUG headers:265 - << Set-Cookie: atlassian.xsrf.token=B7CE-W3BH-K0H6-IJ62|60d279dd6cd65e9eaed3ac4666629630ad12d128|lout;path=/
2018-03-05 22:51:58 DEBUG headers:265 - << X-AUSERNAME: anonymous
2018-03-05 22:51:58 DEBUG headers:265 - << Set-Cookie: JSESSIONID=3CEA229A39B388B7770AE848D5A63157;path=/;HttpOnly
2018-03-05 22:51:58 DEBUG headers:265 - << X-Seraph-LoginReason: OK
2018-03-05 22:51:58 DEBUG headers:265 - << Cache-Control: no-cache, no-store, no-transform
2018-03-05 22:51:58 DEBUG headers:265 - << Content-Encoding: gzip
2018-03-05 22:51:58 DEBUG headers:265 - << Vary: User-Agent
2018-03-05 22:51:58 DEBUG headers:265 - << Content-Type: application/json;charset=UTF-8
2018-03-05 22:51:58 DEBUG headers:265 - << Transfer-Encoding: chunked
2018-03-05 22:51:58 DEBUG headers:265 - << Date: Tue, 06 Mar 2018 03:51:58 GMT
2018-03-05 22:51:58 DEBUG DefaultHttpClient:509 - Connection can be kept alive indefinitely
2018-03-05 22:51:58 DEBUG RequestSpecificationImpl$RestAssuredHttpBuilder:544 - Parsing response as: application/json;charset=UTF-8
2018-03-05 22:51:58 DEBUG wire:73 -  << "b5[\r][\n]"
2018-03-05 22:51:58 DEBUG wire:73 -  << "[0x1f][0x8b][0x8][0x0][0x0][0x0][0x0][0x0][0x0][0x0]l[0x8e][0xcb][\n]"
2018-03-05 22:51:58 DEBUG wire:87 -  << "[0x83]0[0x14]D[0xff][0xe5][0xae][0xad][0xdc][0xbc]L[0xcc][0xce]W[0xc1]R[0xda][0x85][0xfe][0x80]P-[0x1][0x9b][0x94]F[0xdd][0x88][0xff]^m[0x85]n[0xba][0x9c][0xc3][0x9c]af[0xf0][0xad][0xf7][0xc6]Y[0xd0]3[0xd8][0xe6][0xd1][0x82][0x86]SUTUy[0xbd][0x94]9[0x4]05[0xfd][0xb8]A[0x96][0x15][0x9][0xa5]q[0xc2][0xe2][0x94])[0x95]J)1)[0x14]W[0xb9]H"F[0x84][0x84]%[0x80][0xde][0xdd][0x8d]-m[0xe7][0xb6][0xb1][0xae]1}{;o(s[0xa3][0x1d]@[0xd3][0xbd][0xb1]G[0x16][0xad][0xb9][0xf1][0xc3][0xf1]W[0xac][0xcd][0xe7][0x0]E[0xa2][0xe][0xc8][0xe][0xc8]k[0x82][0x1a][0x89][0x16]q[0x88]jE[0x2]q[0xbd][0xf4]|[0xb5][0x93]q[0xa3][0xff][0xab][0x88][0x9a]R[0xcd][0xa5][0xe6][0x18][0x12]N[0xbe][0xca][0xb2][0xbc][0x1][0x0][0x0][0xff][0xff]"
2018-03-05 22:51:58 DEBUG wire:73 -  << "[\r][\n]"
2018-03-05 22:51:58 DEBUG wire:73 -  << "a[\r][\n]"
2018-03-05 22:51:58 DEBUG wire:87 -  << "[0x3][0x0][0xda][0xe3][0x88][0xfc][0xe7][0x0][0x0][0x0]"
2018-03-05 22:51:58 DEBUG wire:73 -  << "[\r][\n]"
2018-03-05 22:51:58 DEBUG wire:73 -  << "0[\r][\n]"
2018-03-05 22:51:58 DEBUG wire:73 -  << "[\r][\n]"
2018-03-05 22:51:58 DEBUG RequestSpecificationImpl$RestAssuredHttpBuilder:547 - Parsed data to instance of: class org.apache.http.conn.EofSensorInputStream
2018-03-05 22:51:59 DEBUG BasicClientConnectionManager:200 - Releasing connection org.apache.http.impl.conn.ManagedClientConnectionImpl@2002348
2018-03-05 22:51:59 DEBUG BasicClientConnectionManager:225 - Connection can be kept alive indefinitely
2018-03-06 15:04:26 DEBUG BasicClientConnectionManager:161 - Get connection for route {}->http://localhost:8080
2018-03-06 15:04:26 DEBUG DefaultClientConnectionOperator:177 - Connecting to localhost:8080
2018-03-06 15:04:27 DEBUG RequestAddCookies:123 - CookieSpec selected: ignoreCookies
2018-03-06 15:04:27 DEBUG RequestAuthCache:77 - Auth cache not set in the context
2018-03-06 15:04:27 DEBUG RequestTargetAuthentication:80 - Target auth state: UNCHALLENGED
2018-03-06 15:04:27 DEBUG RequestProxyAuthentication:89 - Proxy auth state: UNCHALLENGED
2018-03-06 15:04:27 DEBUG DefaultHttpClient:682 - Attempt 1 to execute request
2018-03-06 15:04:27 DEBUG DefaultClientConnection:274 - Sending request: POST /rest/auth/1/session HTTP/1.1
2018-03-06 15:04:27 DEBUG wire:73 -  >> "POST /rest/auth/1/session HTTP/1.1[\r][\n]"
2018-03-06 15:04:27 DEBUG wire:73 -  >> "Accept: */*[\r][\n]"
2018-03-06 15:04:27 DEBUG wire:73 -  >> "Content-Type: application/json; charset=UTF-8[\r][\n]"
2018-03-06 15:04:27 DEBUG wire:73 -  >> "Content-Length: 49[\r][\n]"
2018-03-06 15:04:27 DEBUG wire:73 -  >> "Host: localhost:8080[\r][\n]"
2018-03-06 15:04:27 DEBUG wire:73 -  >> "Connection: Keep-Alive[\r][\n]"
2018-03-06 15:04:27 DEBUG wire:73 -  >> "User-Agent: Apache-HttpClient/4.5.3 (Java/1.8.0_151)[\r][\n]"
2018-03-06 15:04:27 DEBUG wire:73 -  >> "Accept-Encoding: gzip,deflate[\r][\n]"
2018-03-06 15:04:27 DEBUG wire:73 -  >> "[\r][\n]"
2018-03-06 15:04:27 DEBUG headers:278 - >> POST /rest/auth/1/session HTTP/1.1
2018-03-06 15:04:27 DEBUG headers:281 - >> Accept: */*
2018-03-06 15:04:27 DEBUG headers:281 - >> Content-Type: application/json; charset=UTF-8
2018-03-06 15:04:27 DEBUG headers:281 - >> Content-Length: 49
2018-03-06 15:04:27 DEBUG headers:281 - >> Host: localhost:8080
2018-03-06 15:04:27 DEBUG headers:281 - >> Connection: Keep-Alive
2018-03-06 15:04:27 DEBUG headers:281 - >> User-Agent: Apache-HttpClient/4.5.3 (Java/1.8.0_151)
2018-03-06 15:04:27 DEBUG headers:281 - >> Accept-Encoding: gzip,deflate
2018-03-06 15:04:27 DEBUG wire:73 -  >> "{[\r][\n]"
2018-03-06 15:04:27 DEBUG wire:73 -  >> "  "username":"jahid",[\r][\n]"
2018-03-06 15:04:27 DEBUG wire:73 -  >> "  "password":"12345"[\r][\n]"
2018-03-06 15:04:27 DEBUG wire:87 -  >> "}"
2018-03-06 15:04:28 DEBUG wire:73 -  << "HTTP/1.1 200 [\r][\n]"
2018-03-06 15:04:28 DEBUG wire:73 -  << "X-AREQUESTID: 904x1031x1[\r][\n]"
2018-03-06 15:04:28 DEBUG wire:73 -  << "X-XSS-Protection: 1; mode=block[\r][\n]"
2018-03-06 15:04:28 DEBUG wire:73 -  << "X-Content-Type-Options: nosniff[\r][\n]"
2018-03-06 15:04:28 DEBUG wire:73 -  << "X-Frame-Options: SAMEORIGIN[\r][\n]"
2018-03-06 15:04:28 DEBUG wire:73 -  << "Content-Security-Policy: frame-ancestors 'self'[\r][\n]"
2018-03-06 15:04:28 DEBUG wire:73 -  << "X-ASEN: SEN-L11205064[\r][\n]"
2018-03-06 15:04:28 DEBUG wire:73 -  << "Set-Cookie: atlassian.xsrf.token=B7CE-W3BH-K0H6-IJ62|b89a65403d18615375d2d9aed9ce7e5e65924169|lout;path=/[\r][\n]"
2018-03-06 15:04:28 DEBUG wire:73 -  << "X-AUSERNAME: anonymous[\r][\n]"
2018-03-06 15:04:28 DEBUG wire:73 -  << "Set-Cookie: JSESSIONID=489F9841BB2ACC9C21EF6C3F7039CBD5;path=/;HttpOnly[\r][\n]"
2018-03-06 15:04:28 DEBUG wire:73 -  << "X-Seraph-LoginReason: OK[\r][\n]"
2018-03-06 15:04:28 DEBUG wire:73 -  << "Cache-Control: no-cache, no-store, no-transform[\r][\n]"
2018-03-06 15:04:28 DEBUG wire:73 -  << "Content-Encoding: gzip[\r][\n]"
2018-03-06 15:04:28 DEBUG wire:73 -  << "Vary: User-Agent[\r][\n]"
2018-03-06 15:04:28 DEBUG wire:73 -  << "Content-Type: application/json;charset=UTF-8[\r][\n]"
2018-03-06 15:04:28 DEBUG wire:73 -  << "Transfer-Encoding: chunked[\r][\n]"
2018-03-06 15:04:28 DEBUG wire:73 -  << "Date: Tue, 06 Mar 2018 20:04:28 GMT[\r][\n]"
2018-03-06 15:04:28 DEBUG wire:73 -  << "[\r][\n]"
2018-03-06 15:04:28 DEBUG DefaultClientConnection:259 - Receiving response: HTTP/1.1 200 
2018-03-06 15:04:28 DEBUG headers:262 - << HTTP/1.1 200 
2018-03-06 15:04:28 DEBUG headers:265 - << X-AREQUESTID: 904x1031x1
2018-03-06 15:04:28 DEBUG headers:265 - << X-XSS-Protection: 1; mode=block
2018-03-06 15:04:28 DEBUG headers:265 - << X-Content-Type-Options: nosniff
2018-03-06 15:04:28 DEBUG headers:265 - << X-Frame-Options: SAMEORIGIN
2018-03-06 15:04:28 DEBUG headers:265 - << Content-Security-Policy: frame-ancestors 'self'
2018-03-06 15:04:28 DEBUG headers:265 - << X-ASEN: SEN-L11205064
2018-03-06 15:04:28 DEBUG headers:265 - << Set-Cookie: atlassian.xsrf.token=B7CE-W3BH-K0H6-IJ62|b89a65403d18615375d2d9aed9ce7e5e65924169|lout;path=/
2018-03-06 15:04:28 DEBUG headers:265 - << X-AUSERNAME: anonymous
2018-03-06 15:04:28 DEBUG headers:265 - << Set-Cookie: JSESSIONID=489F9841BB2ACC9C21EF6C3F7039CBD5;path=/;HttpOnly
2018-03-06 15:04:28 DEBUG headers:265 - << X-Seraph-LoginReason: OK
2018-03-06 15:04:28 DEBUG headers:265 - << Cache-Control: no-cache, no-store, no-transform
2018-03-06 15:04:28 DEBUG headers:265 - << Content-Encoding: gzip
2018-03-06 15:04:28 DEBUG headers:265 - << Vary: User-Agent
2018-03-06 15:04:28 DEBUG headers:265 - << Content-Type: application/json;charset=UTF-8
2018-03-06 15:04:28 DEBUG headers:265 - << Transfer-Encoding: chunked
2018-03-06 15:04:28 DEBUG headers:265 - << Date: Tue, 06 Mar 2018 20:04:28 GMT
2018-03-06 15:04:28 DEBUG DefaultHttpClient:509 - Connection can be kept alive indefinitely
2018-03-06 15:04:28 DEBUG RequestSpecificationImpl$RestAssuredHttpBuilder:544 - Parsing response as: application/json;charset=UTF-8
2018-03-06 15:04:28 DEBUG wire:73 -  << "b5[\r][\n]"
2018-03-06 15:04:28 DEBUG wire:87 -  << "[0x1f][0x8b][0x8][0x0][0x0][0x0][0x0][0x0][0x0][0x0]l[0x8e][0xcb][0xe][0x82]0[0x14]D[0xff][0xe5][0xae][0x81]\[0xfa][0xc0][0xd2][0x9d][0x14][0x9a]`[0x8c].[0xe0][0x7]H[0x4][0xd3][0x4][c[0x81][\r][0xe1][0xdf][0x5]%q[0xe3][0xf2]L[0xe6]Lf[0x6][0xdf]zo[0x9c][0x5]9[0x83]m[0x1e]-H8UEU[0x95][0xd7]K[0x99]C[0x0]S[0xd3][0x8f][[0xc8]D[0xaa]S[0xc1][0xe2],#G[0xa5]RE[0xe2]B'[0x8a][0xea][0x3][0xd2]Te9[0x87]%[0x80][0xde][0xdd][0x8d]-m[0xe7][0xb6][0xb1][0xae]1}{;o[0x91]r[0xa3][0x1d]@[0xd2][0xbd][0xb1]##+7~[0xd0][0xbf]bm>[0x7][0x8][0xc6]"D[0x1a]"[0xaf][0x9][0x95]He[0x8c][0x11][0xa7]|e[0xc4][0xf5][0xd2][0xf3][0xd5]N[0xc6][0x8d][0xfe][0xaf][0x92][0xd4][0x88][0x12][0x99][0xe4],[0xe2]B|[0x95]ey[0x3][0x0][0x0][0xff][0xff]"
2018-03-06 15:04:28 DEBUG wire:73 -  << "[\r][\n]"
2018-03-06 15:04:28 DEBUG wire:73 -  << "a[\r][\n]"
2018-03-06 15:04:28 DEBUG wire:87 -  << "[0x3][0x0][0xab][0xa0][0xb7]|[0xe7][0x0][0x0][0x0]"
2018-03-06 15:04:28 DEBUG wire:73 -  << "[\r][\n]"
2018-03-06 15:04:28 DEBUG wire:73 -  << "0[\r][\n]"
2018-03-06 15:04:28 DEBUG wire:73 -  << "[\r][\n]"
2018-03-06 15:04:28 DEBUG RequestSpecificationImpl$RestAssuredHttpBuilder:547 - Parsed data to instance of: class org.apache.http.conn.EofSensorInputStream
2018-03-06 15:04:29 DEBUG BasicClientConnectionManager:200 - Releasing connection org.apache.http.impl.conn.ManagedClientConnectionImpl@1ec0ec6f
2018-03-06 15:04:29 DEBUG BasicClientConnectionManager:225 - Connection can be kept alive indefinitely
2018-03-06 15:23:25 DEBUG BasicClientConnectionManager:161 - Get connection for route {}->http://localhost:8080
2018-03-06 15:23:26 DEBUG DefaultClientConnectionOperator:177 - Connecting to localhost:8080
2018-03-06 15:23:26 DEBUG RequestAddCookies:123 - CookieSpec selected: ignoreCookies
2018-03-06 15:23:26 DEBUG RequestAuthCache:77 - Auth cache not set in the context
2018-03-06 15:23:26 DEBUG RequestTargetAuthentication:80 - Target auth state: UNCHALLENGED
2018-03-06 15:23:26 DEBUG RequestProxyAuthentication:89 - Proxy auth state: UNCHALLENGED
2018-03-06 15:23:26 DEBUG DefaultHttpClient:682 - Attempt 1 to execute request
2018-03-06 15:23:26 DEBUG DefaultClientConnection:274 - Sending request: POST /rest/auth/1/session HTTP/1.1
2018-03-06 15:23:26 DEBUG wire:73 -  >> "POST /rest/auth/1/session HTTP/1.1[\r][\n]"
2018-03-06 15:23:26 DEBUG wire:73 -  >> "Accept: */*[\r][\n]"
2018-03-06 15:23:26 DEBUG wire:73 -  >> "Content-Type: application/json; charset=UTF-8[\r][\n]"
2018-03-06 15:23:26 DEBUG wire:73 -  >> "Content-Length: 49[\r][\n]"
2018-03-06 15:23:26 DEBUG wire:73 -  >> "Host: localhost:8080[\r][\n]"
2018-03-06 15:23:26 DEBUG wire:73 -  >> "Connection: Keep-Alive[\r][\n]"
2018-03-06 15:23:26 DEBUG wire:73 -  >> "User-Agent: Apache-HttpClient/4.5.3 (Java/1.8.0_151)[\r][\n]"
2018-03-06 15:23:26 DEBUG wire:73 -  >> "Accept-Encoding: gzip,deflate[\r][\n]"
2018-03-06 15:23:26 DEBUG wire:73 -  >> "[\r][\n]"
2018-03-06 15:23:26 DEBUG headers:278 - >> POST /rest/auth/1/session HTTP/1.1
2018-03-06 15:23:26 DEBUG headers:281 - >> Accept: */*
2018-03-06 15:23:26 DEBUG headers:281 - >> Content-Type: application/json; charset=UTF-8
2018-03-06 15:23:26 DEBUG headers:281 - >> Content-Length: 49
2018-03-06 15:23:26 DEBUG headers:281 - >> Host: localhost:8080
2018-03-06 15:23:26 DEBUG headers:281 - >> Connection: Keep-Alive
2018-03-06 15:23:26 DEBUG headers:281 - >> User-Agent: Apache-HttpClient/4.5.3 (Java/1.8.0_151)
2018-03-06 15:23:26 DEBUG headers:281 - >> Accept-Encoding: gzip,deflate
2018-03-06 15:23:26 DEBUG wire:73 -  >> "{[\r][\n]"
2018-03-06 15:23:26 DEBUG wire:73 -  >> "  "username":"jahid",[\r][\n]"
2018-03-06 15:23:26 DEBUG wire:73 -  >> "  "password":"12345"[\r][\n]"
2018-03-06 15:23:26 DEBUG wire:87 -  >> "}"
2018-03-06 15:23:26 DEBUG wire:73 -  << "HTTP/1.1 200 [\r][\n]"
2018-03-06 15:23:26 DEBUG wire:73 -  << "X-AREQUESTID: 923x1032x1[\r][\n]"
2018-03-06 15:23:26 DEBUG wire:73 -  << "X-XSS-Protection: 1; mode=block[\r][\n]"
2018-03-06 15:23:26 DEBUG wire:73 -  << "X-Content-Type-Options: nosniff[\r][\n]"
2018-03-06 15:23:26 DEBUG wire:73 -  << "X-Frame-Options: SAMEORIGIN[\r][\n]"
2018-03-06 15:23:26 DEBUG wire:73 -  << "Content-Security-Policy: frame-ancestors 'self'[\r][\n]"
2018-03-06 15:23:26 DEBUG wire:73 -  << "X-ASEN: SEN-L11205064[\r][\n]"
2018-03-06 15:23:26 DEBUG wire:73 -  << "Set-Cookie: atlassian.xsrf.token=B7CE-W3BH-K0H6-IJ62|e02ee6bfd0edb01648133da37d3f85fb90952dea|lout;path=/[\r][\n]"
2018-03-06 15:23:26 DEBUG wire:73 -  << "X-AUSERNAME: anonymous[\r][\n]"
2018-03-06 15:23:26 DEBUG wire:73 -  << "Set-Cookie: JSESSIONID=1C30F162222FDDF9B17D84023DC4D0EF;path=/;HttpOnly[\r][\n]"
2018-03-06 15:23:26 DEBUG wire:73 -  << "X-Seraph-LoginReason: OK[\r][\n]"
2018-03-06 15:23:26 DEBUG wire:73 -  << "Cache-Control: no-cache, no-store, no-transform[\r][\n]"
2018-03-06 15:23:26 DEBUG wire:73 -  << "Content-Encoding: gzip[\r][\n]"
2018-03-06 15:23:26 DEBUG wire:73 -  << "Vary: User-Agent[\r][\n]"
2018-03-06 15:23:26 DEBUG wire:73 -  << "Content-Type: application/json;charset=UTF-8[\r][\n]"
2018-03-06 15:23:26 DEBUG wire:73 -  << "Transfer-Encoding: chunked[\r][\n]"
2018-03-06 15:23:26 DEBUG wire:73 -  << "Date: Tue, 06 Mar 2018 20:23:26 GMT[\r][\n]"
2018-03-06 15:23:26 DEBUG wire:73 -  << "[\r][\n]"
2018-03-06 15:23:26 DEBUG DefaultClientConnection:259 - Receiving response: HTTP/1.1 200 
2018-03-06 15:23:26 DEBUG headers:262 - << HTTP/1.1 200 
2018-03-06 15:23:26 DEBUG headers:265 - << X-AREQUESTID: 923x1032x1
2018-03-06 15:23:27 DEBUG headers:265 - << X-XSS-Protection: 1; mode=block
2018-03-06 15:23:27 DEBUG headers:265 - << X-Content-Type-Options: nosniff
2018-03-06 15:23:27 DEBUG headers:265 - << X-Frame-Options: SAMEORIGIN
2018-03-06 15:23:27 DEBUG headers:265 - << Content-Security-Policy: frame-ancestors 'self'
2018-03-06 15:23:27 DEBUG headers:265 - << X-ASEN: SEN-L11205064
2018-03-06 15:23:27 DEBUG headers:265 - << Set-Cookie: atlassian.xsrf.token=B7CE-W3BH-K0H6-IJ62|e02ee6bfd0edb01648133da37d3f85fb90952dea|lout;path=/
2018-03-06 15:23:27 DEBUG headers:265 - << X-AUSERNAME: anonymous
2018-03-06 15:23:27 DEBUG headers:265 - << Set-Cookie: JSESSIONID=1C30F162222FDDF9B17D84023DC4D0EF;path=/;HttpOnly
2018-03-06 15:23:27 DEBUG headers:265 - << X-Seraph-LoginReason: OK
2018-03-06 15:23:27 DEBUG headers:265 - << Cache-Control: no-cache, no-store, no-transform
2018-03-06 15:23:27 DEBUG headers:265 - << Content-Encoding: gzip
2018-03-06 15:23:27 DEBUG headers:265 - << Vary: User-Agent
2018-03-06 15:23:27 DEBUG headers:265 - << Content-Type: application/json;charset=UTF-8
2018-03-06 15:23:27 DEBUG headers:265 - << Transfer-Encoding: chunked
2018-03-06 15:23:27 DEBUG headers:265 - << Date: Tue, 06 Mar 2018 20:23:26 GMT
2018-03-06 15:23:27 DEBUG DefaultHttpClient:509 - Connection can be kept alive indefinitely
2018-03-06 15:23:27 DEBUG RequestSpecificationImpl$RestAssuredHttpBuilder:544 - Parsing response as: application/json;charset=UTF-8
2018-03-06 15:23:27 DEBUG wire:73 -  << "b3[\r][\n]"
2018-03-06 15:23:27 DEBUG wire:73 -  << "[0x1f][0x8b][0x8][0x0][0x0][0x0][0x0][0x0][0x0][0x0]l[0x8e]M[\n]"
2018-03-06 15:23:27 DEBUG wire:73 -  << "[0x83]0[0x14][0x84][0xef][0xf2][0xd6]V^[0x12][0xb3][0xac]1`)[0xed]B/[0x10]h,[0x1][0x9b][0x94]F[0xdd][0x88]w[0xaf]i[0x85]n:[0xbb]o[0x98][0x19]f[0x1][0xaf][0xbd]7[0xce][0x2]_[0xc0][0xaa][0x87][0x6][0xe][0xa7][0xb6]n[0xdb][0xe6]zi[0x4]D0[0xab]a[\n]"
2018-03-06 15:23:27 DEBUG wire:87 -  << "&[0xa9][0x18]J[0x92][0xd1]MR[0x8]Y[0x1e]I.[0x8a][0x4])[0x13]U"[0xb0][0x96][0xb0]F0[0xb8][0xbb][0xb1][0x8d][0xed]][0x18][0xeb][0x95][0x19][0xf4][0xed][0x1c][0xac][0xca]Mv[0x4][0xce][0xf6][0xc4][0x8e]I`[0xe5]G[0xf9][0xb]v[0xe6]s[0x80]")[0xe][0xc8][0xe][0x98]v[0x94]qd[0x9c]`[0x9c][0xb2]tc[0xc4][0xed][0xd2][0xf3][0xa5]g[0xe3]&[0xff][0xb7][0x92]u$[0xe5][0x98]p[0x9a][0xc7]%[0x96][0xdf][0xca][0xba][0xbe][0x1][0x0][0x0][0xff][0xff]"
2018-03-06 15:23:27 DEBUG wire:73 -  << "[\r][\n]"
2018-03-06 15:23:27 DEBUG wire:73 -  << "a[\r][\n]"
2018-03-06 15:23:27 DEBUG wire:87 -  << "[0x3][0x0][0x1][0x97]*[0xea][0xe7][0x0][0x0][0x0]"
2018-03-06 15:23:27 DEBUG wire:73 -  << "[\r][\n]"
2018-03-06 15:23:27 DEBUG wire:73 -  << "0[\r][\n]"
2018-03-06 15:23:27 DEBUG wire:73 -  << "[\r][\n]"
2018-03-06 15:23:27 DEBUG RequestSpecificationImpl$RestAssuredHttpBuilder:547 - Parsed data to instance of: class org.apache.http.conn.EofSensorInputStream
2018-03-06 15:23:28 DEBUG BasicClientConnectionManager:200 - Releasing connection org.apache.http.impl.conn.ManagedClientConnectionImpl@47cd7730
2018-03-06 15:23:28 DEBUG BasicClientConnectionManager:225 - Connection can be kept alive indefinitely
2018-03-06 15:24:36 DEBUG BasicClientConnectionManager:161 - Get connection for route {}->http://localhost:8080
2018-03-06 15:24:36 DEBUG DefaultClientConnectionOperator:177 - Connecting to localhost:8080
2018-03-06 15:24:36 DEBUG RequestAddCookies:123 - CookieSpec selected: ignoreCookies
2018-03-06 15:24:36 DEBUG RequestAuthCache:77 - Auth cache not set in the context
2018-03-06 15:24:36 DEBUG RequestTargetAuthentication:80 - Target auth state: UNCHALLENGED
2018-03-06 15:24:36 DEBUG RequestProxyAuthentication:89 - Proxy auth state: UNCHALLENGED
2018-03-06 15:24:36 DEBUG DefaultHttpClient:682 - Attempt 1 to execute request
2018-03-06 15:24:36 DEBUG DefaultClientConnection:274 - Sending request: POST /rest/auth/1/session HTTP/1.1
2018-03-06 15:24:36 DEBUG wire:73 -  >> "POST /rest/auth/1/session HTTP/1.1[\r][\n]"
2018-03-06 15:24:36 DEBUG wire:73 -  >> "Accept: */*[\r][\n]"
2018-03-06 15:24:36 DEBUG wire:73 -  >> "Content-Type: application/json; charset=UTF-8[\r][\n]"
2018-03-06 15:24:36 DEBUG wire:73 -  >> "Content-Length: 49[\r][\n]"
2018-03-06 15:24:36 DEBUG wire:73 -  >> "Host: localhost:8080[\r][\n]"
2018-03-06 15:24:36 DEBUG wire:73 -  >> "Connection: Keep-Alive[\r][\n]"
2018-03-06 15:24:36 DEBUG wire:73 -  >> "User-Agent: Apache-HttpClient/4.5.3 (Java/1.8.0_151)[\r][\n]"
2018-03-06 15:24:36 DEBUG wire:73 -  >> "Accept-Encoding: gzip,deflate[\r][\n]"
2018-03-06 15:24:36 DEBUG wire:73 -  >> "[\r][\n]"
2018-03-06 15:24:36 DEBUG headers:278 - >> POST /rest/auth/1/session HTTP/1.1
2018-03-06 15:24:36 DEBUG headers:281 - >> Accept: */*
2018-03-06 15:24:36 DEBUG headers:281 - >> Content-Type: application/json; charset=UTF-8
2018-03-06 15:24:36 DEBUG headers:281 - >> Content-Length: 49
2018-03-06 15:24:36 DEBUG headers:281 - >> Host: localhost:8080
2018-03-06 15:24:37 DEBUG headers:281 - >> Connection: Keep-Alive
2018-03-06 15:24:37 DEBUG headers:281 - >> User-Agent: Apache-HttpClient/4.5.3 (Java/1.8.0_151)
2018-03-06 15:24:37 DEBUG headers:281 - >> Accept-Encoding: gzip,deflate
2018-03-06 15:24:37 DEBUG wire:73 -  >> "{[\r][\n]"
2018-03-06 15:24:37 DEBUG wire:73 -  >> "  "username":"jahid",[\r][\n]"
2018-03-06 15:24:37 DEBUG wire:73 -  >> "  "password":"12345"[\r][\n]"
2018-03-06 15:24:37 DEBUG wire:87 -  >> "}"
2018-03-06 15:24:37 DEBUG wire:73 -  << "HTTP/1.1 200 [\r][\n]"
2018-03-06 15:24:37 DEBUG wire:73 -  << "X-AREQUESTID: 924x1033x1[\r][\n]"
2018-03-06 15:24:37 DEBUG wire:73 -  << "X-XSS-Protection: 1; mode=block[\r][\n]"
2018-03-06 15:24:37 DEBUG wire:73 -  << "X-Content-Type-Options: nosniff[\r][\n]"
2018-03-06 15:24:37 DEBUG wire:73 -  << "X-Frame-Options: SAMEORIGIN[\r][\n]"
2018-03-06 15:24:37 DEBUG wire:73 -  << "Content-Security-Policy: frame-ancestors 'self'[\r][\n]"
2018-03-06 15:24:37 DEBUG wire:73 -  << "X-ASEN: SEN-L11205064[\r][\n]"
2018-03-06 15:24:37 DEBUG wire:73 -  << "Set-Cookie: atlassian.xsrf.token=B7CE-W3BH-K0H6-IJ62|a428923b404c85f33146a6cee1d1f5bb8ac3e36f|lout;path=/[\r][\n]"
2018-03-06 15:24:37 DEBUG wire:73 -  << "X-AUSERNAME: anonymous[\r][\n]"
2018-03-06 15:24:37 DEBUG wire:73 -  << "Set-Cookie: JSESSIONID=2B4E048DE116A71759C3B6A59047A429;path=/;HttpOnly[\r][\n]"
2018-03-06 15:24:37 DEBUG wire:73 -  << "X-Seraph-LoginReason: OK[\r][\n]"
2018-03-06 15:24:37 DEBUG wire:73 -  << "Cache-Control: no-cache, no-store, no-transform[\r][\n]"
2018-03-06 15:24:37 DEBUG wire:73 -  << "Content-Encoding: gzip[\r][\n]"
2018-03-06 15:24:37 DEBUG wire:73 -  << "Vary: User-Agent[\r][\n]"
2018-03-06 15:24:37 DEBUG wire:73 -  << "Content-Type: application/json;charset=UTF-8[\r][\n]"
2018-03-06 15:24:37 DEBUG wire:73 -  << "Transfer-Encoding: chunked[\r][\n]"
2018-03-06 15:24:37 DEBUG wire:73 -  << "Date: Tue, 06 Mar 2018 20:24:37 GMT[\r][\n]"
2018-03-06 15:24:37 DEBUG wire:73 -  << "[\r][\n]"
2018-03-06 15:24:37 DEBUG DefaultClientConnection:259 - Receiving response: HTTP/1.1 200 
2018-03-06 15:24:37 DEBUG headers:262 - << HTTP/1.1 200 
2018-03-06 15:24:37 DEBUG headers:265 - << X-AREQUESTID: 924x1033x1
2018-03-06 15:24:37 DEBUG headers:265 - << X-XSS-Protection: 1; mode=block
2018-03-06 15:24:37 DEBUG headers:265 - << X-Content-Type-Options: nosniff
2018-03-06 15:24:37 DEBUG headers:265 - << X-Frame-Options: SAMEORIGIN
2018-03-06 15:24:37 DEBUG headers:265 - << Content-Security-Policy: frame-ancestors 'self'
2018-03-06 15:24:37 DEBUG headers:265 - << X-ASEN: SEN-L11205064
2018-03-06 15:24:37 DEBUG headers:265 - << Set-Cookie: atlassian.xsrf.token=B7CE-W3BH-K0H6-IJ62|a428923b404c85f33146a6cee1d1f5bb8ac3e36f|lout;path=/
2018-03-06 15:24:37 DEBUG headers:265 - << X-AUSERNAME: anonymous
2018-03-06 15:24:37 DEBUG headers:265 - << Set-Cookie: JSESSIONID=2B4E048DE116A71759C3B6A59047A429;path=/;HttpOnly
2018-03-06 15:24:37 DEBUG headers:265 - << X-Seraph-LoginReason: OK
2018-03-06 15:24:37 DEBUG headers:265 - << Cache-Control: no-cache, no-store, no-transform
2018-03-06 15:24:37 DEBUG headers:265 - << Content-Encoding: gzip
2018-03-06 15:24:37 DEBUG headers:265 - << Vary: User-Agent
2018-03-06 15:24:37 DEBUG headers:265 - << Content-Type: application/json;charset=UTF-8
2018-03-06 15:24:37 DEBUG headers:265 - << Transfer-Encoding: chunked
2018-03-06 15:24:37 DEBUG headers:265 - << Date: Tue, 06 Mar 2018 20:24:37 GMT
2018-03-06 15:24:37 DEBUG DefaultHttpClient:509 - Connection can be kept alive indefinitely
2018-03-06 15:24:37 DEBUG RequestSpecificationImpl$RestAssuredHttpBuilder:544 - Parsing response as: application/json;charset=UTF-8
2018-03-06 15:24:37 DEBUG wire:73 -  << "b4[\r][\n]"
2018-03-06 15:24:37 DEBUG wire:73 -  << "[0x1f][0x8b][0x8][0x0][0x0][0x0][0x0][0x0][0x0][0x0]l[0x8e][0xcb][\n]"
2018-03-06 15:24:37 DEBUG wire:87 -  << "[0x82]@[0x18][0x85][0xdf][0xe5]_[0x9b][0xfc]sUg[0xe7]-0[0xa2][0x16][0xfa][0x2]B[0x1a][0x3]6[0x13][0x8d][0xba][0x11][0xdf][0xbd][0xb1][0x84]6-[0xbf][0xc3][0xf9][0xe]g[0x1][0xd7]9[0xa7][0xad][0x1][0xb5][0x80]i[0x1f][0x1d](8[0xd5]e]W[0xd7]KU@[0x0]s;L[H3^"[0x8f][0x8b][0x92][0x10][0x99]F$[0x12]I[0xce]2[0x99][0x8a][0x4]y[0x94]r[0x9a][0xc0][0x1a][0xc0]`[0xef][0xda]T[0xa6][0xb7][0xdb]X[0xdf][0xea][0xa1][0xbb][0x9d][0xb7]([0xb7][0x93][0x19]A[0xb1][0xbd][0xb1]#[0xe7][0x9e][7[0x1e][0xc5]F[0xe]P$[0xf1][0x1][0xd9][0x1]EC[0x99]B[0xa6][0x8][0x86][0x82][0x9][0xcf][0x88][0xfe][0xd2][0xf3][0xd5][0xcd][0xda]N[0xee][0xaf]"[0x1b]"[0x94][0xb7][0xa8][0xc][0xfd][0xc7][0xaf][0xb2][0xae]o[0x0][0x0][0x0][0xff][0xff]"
2018-03-06 15:24:37 DEBUG wire:73 -  << "[\r][\n]"
2018-03-06 15:24:37 DEBUG wire:73 -  << "a[\r][\n]"
2018-03-06 15:24:37 DEBUG wire:87 -  << "[0x3][0x0]iQo[0xe7][0x0][0x0][0x0]"
2018-03-06 15:24:37 DEBUG wire:73 -  << "[\r][\n]"
2018-03-06 15:24:37 DEBUG wire:73 -  << "0[\r][\n]"
2018-03-06 15:24:37 DEBUG wire:73 -  << "[\r][\n]"
2018-03-06 15:24:37 DEBUG RequestSpecificationImpl$RestAssuredHttpBuilder:547 - Parsed data to instance of: class org.apache.http.conn.EofSensorInputStream
2018-03-06 15:24:38 DEBUG BasicClientConnectionManager:200 - Releasing connection org.apache.http.impl.conn.ManagedClientConnectionImpl@240e44a
2018-03-06 15:24:38 DEBUG BasicClientConnectionManager:225 - Connection can be kept alive indefinitely
2018-03-06 15:36:28 DEBUG BasicClientConnectionManager:161 - Get connection for route {}->http://localhost:8080
2018-03-06 15:36:28 DEBUG DefaultClientConnectionOperator:177 - Connecting to localhost:8080
2018-03-06 15:36:28 DEBUG RequestAddCookies:123 - CookieSpec selected: ignoreCookies
2018-03-06 15:36:28 DEBUG RequestAuthCache:77 - Auth cache not set in the context
2018-03-06 15:36:28 DEBUG RequestTargetAuthentication:80 - Target auth state: UNCHALLENGED
2018-03-06 15:36:28 DEBUG RequestProxyAuthentication:89 - Proxy auth state: UNCHALLENGED
2018-03-06 15:36:28 DEBUG DefaultHttpClient:682 - Attempt 1 to execute request
2018-03-06 15:36:28 DEBUG DefaultClientConnection:274 - Sending request: POST /rest/auth/1/session HTTP/1.1
2018-03-06 15:36:28 DEBUG wire:73 -  >> "POST /rest/auth/1/session HTTP/1.1[\r][\n]"
2018-03-06 15:36:28 DEBUG wire:73 -  >> "Accept: */*[\r][\n]"
2018-03-06 15:36:28 DEBUG wire:73 -  >> "Content-Type: application/json; charset=UTF-8[\r][\n]"
2018-03-06 15:36:29 DEBUG wire:73 -  >> "Content-Length: 49[\r][\n]"
2018-03-06 15:36:29 DEBUG wire:73 -  >> "Host: localhost:8080[\r][\n]"
2018-03-06 15:36:29 DEBUG wire:73 -  >> "Connection: Keep-Alive[\r][\n]"
2018-03-06 15:36:29 DEBUG wire:73 -  >> "User-Agent: Apache-HttpClient/4.5.3 (Java/1.8.0_151)[\r][\n]"
2018-03-06 15:36:29 DEBUG wire:73 -  >> "Accept-Encoding: gzip,deflate[\r][\n]"
2018-03-06 15:36:29 DEBUG wire:73 -  >> "[\r][\n]"
2018-03-06 15:36:29 DEBUG headers:278 - >> POST /rest/auth/1/session HTTP/1.1
2018-03-06 15:36:29 DEBUG headers:281 - >> Accept: */*
2018-03-06 15:36:29 DEBUG headers:281 - >> Content-Type: application/json; charset=UTF-8
2018-03-06 15:36:29 DEBUG headers:281 - >> Content-Length: 49
2018-03-06 15:36:29 DEBUG headers:281 - >> Host: localhost:8080
2018-03-06 15:36:29 DEBUG headers:281 - >> Connection: Keep-Alive
2018-03-06 15:36:29 DEBUG headers:281 - >> User-Agent: Apache-HttpClient/4.5.3 (Java/1.8.0_151)
2018-03-06 15:36:29 DEBUG headers:281 - >> Accept-Encoding: gzip,deflate
2018-03-06 15:36:29 DEBUG wire:73 -  >> "{[\r][\n]"
2018-03-06 15:36:29 DEBUG wire:73 -  >> "  "username":"jahid",[\r][\n]"
2018-03-06 15:36:29 DEBUG wire:73 -  >> "  "password":"12345"[\r][\n]"
2018-03-06 15:36:29 DEBUG wire:87 -  >> "}"
2018-03-06 15:36:29 DEBUG wire:73 -  << "HTTP/1.1 200 [\r][\n]"
2018-03-06 15:36:29 DEBUG wire:73 -  << "X-AREQUESTID: 936x1035x1[\r][\n]"
2018-03-06 15:36:29 DEBUG wire:73 -  << "X-XSS-Protection: 1; mode=block[\r][\n]"
2018-03-06 15:36:29 DEBUG wire:73 -  << "X-Content-Type-Options: nosniff[\r][\n]"
2018-03-06 15:36:29 DEBUG wire:73 -  << "X-Frame-Options: SAMEORIGIN[\r][\n]"
2018-03-06 15:36:29 DEBUG wire:73 -  << "Content-Security-Policy: frame-ancestors 'self'[\r][\n]"
2018-03-06 15:36:29 DEBUG wire:73 -  << "X-ASEN: SEN-L11205064[\r][\n]"
2018-03-06 15:36:29 DEBUG wire:73 -  << "Set-Cookie: atlassian.xsrf.token=B7CE-W3BH-K0H6-IJ62|61337fe68907158efc6baeb288353d6bea295593|lout;path=/[\r][\n]"
2018-03-06 15:36:29 DEBUG wire:73 -  << "X-AUSERNAME: anonymous[\r][\n]"
2018-03-06 15:36:29 DEBUG wire:73 -  << "Set-Cookie: JSESSIONID=04B4678EF34328103D3EE8596DE5EC18;path=/;HttpOnly[\r][\n]"
2018-03-06 15:36:29 DEBUG wire:73 -  << "X-Seraph-LoginReason: OK[\r][\n]"
2018-03-06 15:36:29 DEBUG wire:73 -  << "Cache-Control: no-cache, no-store, no-transform[\r][\n]"
2018-03-06 15:36:29 DEBUG wire:73 -  << "Content-Encoding: gzip[\r][\n]"
2018-03-06 15:36:29 DEBUG wire:73 -  << "Vary: User-Agent[\r][\n]"
2018-03-06 15:36:29 DEBUG wire:73 -  << "Content-Type: application/json;charset=UTF-8[\r][\n]"
2018-03-06 15:36:29 DEBUG wire:73 -  << "Transfer-Encoding: chunked[\r][\n]"
2018-03-06 15:36:29 DEBUG wire:73 -  << "Date: Tue, 06 Mar 2018 20:36:29 GMT[\r][\n]"
2018-03-06 15:36:29 DEBUG wire:73 -  << "[\r][\n]"
2018-03-06 15:36:29 DEBUG DefaultClientConnection:259 - Receiving response: HTTP/1.1 200 
2018-03-06 15:36:29 DEBUG headers:262 - << HTTP/1.1 200 
2018-03-06 15:36:29 DEBUG headers:265 - << X-AREQUESTID: 936x1035x1
2018-03-06 15:36:29 DEBUG headers:265 - << X-XSS-Protection: 1; mode=block
2018-03-06 15:36:29 DEBUG headers:265 - << X-Content-Type-Options: nosniff
2018-03-06 15:36:29 DEBUG headers:265 - << X-Frame-Options: SAMEORIGIN
2018-03-06 15:36:29 DEBUG headers:265 - << Content-Security-Policy: frame-ancestors 'self'
2018-03-06 15:36:29 DEBUG headers:265 - << X-ASEN: SEN-L11205064
2018-03-06 15:36:29 DEBUG headers:265 - << Set-Cookie: atlassian.xsrf.token=B7CE-W3BH-K0H6-IJ62|61337fe68907158efc6baeb288353d6bea295593|lout;path=/
2018-03-06 15:36:29 DEBUG headers:265 - << X-AUSERNAME: anonymous
2018-03-06 15:36:29 DEBUG headers:265 - << Set-Cookie: JSESSIONID=04B4678EF34328103D3EE8596DE5EC18;path=/;HttpOnly
2018-03-06 15:36:29 DEBUG headers:265 - << X-Seraph-LoginReason: OK
2018-03-06 15:36:29 DEBUG headers:265 - << Cache-Control: no-cache, no-store, no-transform
2018-03-06 15:36:29 DEBUG headers:265 - << Content-Encoding: gzip
2018-03-06 15:36:29 DEBUG headers:265 - << Vary: User-Agent
2018-03-06 15:36:29 DEBUG headers:265 - << Content-Type: application/json;charset=UTF-8
2018-03-06 15:36:29 DEBUG headers:265 - << Transfer-Encoding: chunked
2018-03-06 15:36:29 DEBUG headers:265 - << Date: Tue, 06 Mar 2018 20:36:29 GMT
2018-03-06 15:36:29 DEBUG DefaultHttpClient:509 - Connection can be kept alive indefinitely
2018-03-06 15:36:29 DEBUG RequestSpecificationImpl$RestAssuredHttpBuilder:544 - Parsing response as: application/json;charset=UTF-8
2018-03-06 15:36:29 DEBUG wire:73 -  << "b4[\r][\n]"
2018-03-06 15:36:29 DEBUG wire:73 -  << "[0x1f][0x8b][0x8][0x0][0x0][0x0][0x0][0x0][0x0][0x0]l[0x8e]A[0xe][0x82]0[0x14]D[0xef][0xf2][0xd7]@~[0xfb][[0xac]][\n]"
2018-03-06 15:36:29 DEBUG wire:73 -  << "5[0xc1][0x18]][0xc0][0x5][0x9a][0x8][0xa6][0x9][0xb6][0xc6][0x82][0x1b][0xc2][0xdd][0x5]5q[0xe3][0xf2]M[0xe6]Mf[0x82][0xd8][0xc6][0xe8][0x82][0x7]=[0x81][0xb7][0xb7][0x16]4[0x1c]jS[0xd7][0xd5][0xf9]T[0x95][0x90][0xc0][0xd3][0xf6][0xe3][0x1a][0xa2][0xd8][0x89]|[0xa3][0xcc][0x9e][0x4]q[0xc5][0x90]J2F[0xc9]m^[0x1a]i[\n]"
2018-03-06 15:36:29 DEBUG wire:87 -  << "[0xa6]`N[0xa0][0xf]W[0xe7]+[0xdf][0x85]u[0xac][0xb3][0xae]o/[0xc7]5*[0xc2][0xe8][0x7][0xd0][0xf4]m|Q[0xc8][0x85]m[0x1c][0xf6][0xbf]b[0xe3][0xde][0x7]82[0x95]"[0xa5]([0x1b]N[0x1a]I3[0xcc]$[0xc9][0x85][0x11][0x97]K[0xf7]G[0xfb]ta[0x8c][0x95][0xbc]aRs[0xa1]i[0x93]q[0x12][0x1f]e[0x9e]_[0x0][0x0][0x0][0xff][0xff]"
2018-03-06 15:36:29 DEBUG wire:73 -  << "[\r][\n]"
2018-03-06 15:36:29 DEBUG wire:73 -  << "a[\r][\n]"
2018-03-06 15:36:30 DEBUG wire:87 -  << "[0x3][0x0]'[0xe1]&[0xf][0xe7][0x0][0x0][0x0]"
2018-03-06 15:36:30 DEBUG wire:73 -  << "[\r][\n]"
2018-03-06 15:36:30 DEBUG wire:73 -  << "0[\r][\n]"
2018-03-06 15:36:30 DEBUG wire:73 -  << "[\r][\n]"
2018-03-06 15:36:30 DEBUG RequestSpecificationImpl$RestAssuredHttpBuilder:547 - Parsed data to instance of: class org.apache.http.conn.EofSensorInputStream
2018-03-06 15:36:30 DEBUG BasicClientConnectionManager:200 - Releasing connection org.apache.http.impl.conn.ManagedClientConnectionImpl@56fa625e
2018-03-06 15:36:30 DEBUG BasicClientConnectionManager:225 - Connection can be kept alive indefinitely
2018-03-06 15:41:17 DEBUG BasicClientConnectionManager:161 - Get connection for route {}->http://localhost:8080
2018-03-06 15:41:17 DEBUG DefaultClientConnectionOperator:177 - Connecting to localhost:8080
2018-03-06 15:41:17 DEBUG RequestAddCookies:123 - CookieSpec selected: ignoreCookies
2018-03-06 15:41:17 DEBUG RequestAuthCache:77 - Auth cache not set in the context
2018-03-06 15:41:17 DEBUG RequestTargetAuthentication:80 - Target auth state: UNCHALLENGED
2018-03-06 15:41:17 DEBUG RequestProxyAuthentication:89 - Proxy auth state: UNCHALLENGED
2018-03-06 15:41:17 DEBUG DefaultHttpClient:682 - Attempt 1 to execute request
2018-03-06 15:41:17 DEBUG DefaultClientConnection:274 - Sending request: POST /rest/auth/1/session HTTP/1.1
2018-03-06 15:41:17 DEBUG wire:73 -  >> "POST /rest/auth/1/session HTTP/1.1[\r][\n]"
2018-03-06 15:41:17 DEBUG wire:73 -  >> "Accept: */*[\r][\n]"
2018-03-06 15:41:17 DEBUG wire:73 -  >> "Content-Type: application/json; charset=UTF-8[\r][\n]"
2018-03-06 15:41:17 DEBUG wire:73 -  >> "Content-Length: 49[\r][\n]"
2018-03-06 15:41:17 DEBUG wire:73 -  >> "Host: localhost:8080[\r][\n]"
2018-03-06 15:41:17 DEBUG wire:73 -  >> "Connection: Keep-Alive[\r][\n]"
2018-03-06 15:41:17 DEBUG wire:73 -  >> "User-Agent: Apache-HttpClient/4.5.3 (Java/1.8.0_151)[\r][\n]"
2018-03-06 15:41:17 DEBUG wire:73 -  >> "Accept-Encoding: gzip,deflate[\r][\n]"
2018-03-06 15:41:17 DEBUG wire:73 -  >> "[\r][\n]"
2018-03-06 15:41:17 DEBUG headers:278 - >> POST /rest/auth/1/session HTTP/1.1
2018-03-06 15:41:17 DEBUG headers:281 - >> Accept: */*
2018-03-06 15:41:17 DEBUG headers:281 - >> Content-Type: application/json; charset=UTF-8
2018-03-06 15:41:17 DEBUG headers:281 - >> Content-Length: 49
2018-03-06 15:41:17 DEBUG headers:281 - >> Host: localhost:8080
2018-03-06 15:41:17 DEBUG headers:281 - >> Connection: Keep-Alive
2018-03-06 15:41:17 DEBUG headers:281 - >> User-Agent: Apache-HttpClient/4.5.3 (Java/1.8.0_151)
2018-03-06 15:41:17 DEBUG headers:281 - >> Accept-Encoding: gzip,deflate
2018-03-06 15:41:17 DEBUG wire:73 -  >> "{[\r][\n]"
2018-03-06 15:41:17 DEBUG wire:73 -  >> "  "username":"jahid",[\r][\n]"
2018-03-06 15:41:17 DEBUG wire:73 -  >> "  "password":"12345"[\r][\n]"
2018-03-06 15:41:17 DEBUG wire:87 -  >> "}"
2018-03-06 15:41:18 DEBUG wire:73 -  << "HTTP/1.1 200 [\r][\n]"
2018-03-06 15:41:18 DEBUG wire:73 -  << "X-AREQUESTID: 941x1036x1[\r][\n]"
2018-03-06 15:41:18 DEBUG wire:73 -  << "X-XSS-Protection: 1; mode=block[\r][\n]"
2018-03-06 15:41:18 DEBUG wire:73 -  << "X-Content-Type-Options: nosniff[\r][\n]"
2018-03-06 15:41:18 DEBUG wire:73 -  << "X-Frame-Options: SAMEORIGIN[\r][\n]"
2018-03-06 15:41:18 DEBUG wire:73 -  << "Content-Security-Policy: frame-ancestors 'self'[\r][\n]"
2018-03-06 15:41:18 DEBUG wire:73 -  << "X-ASEN: SEN-L11205064[\r][\n]"
2018-03-06 15:41:18 DEBUG wire:73 -  << "Set-Cookie: atlassian.xsrf.token=B7CE-W3BH-K0H6-IJ62|910a4ec38f05b60443a93c7aaf15b94e8cfa1270|lout;path=/[\r][\n]"
2018-03-06 15:41:18 DEBUG wire:73 -  << "X-AUSERNAME: anonymous[\r][\n]"
2018-03-06 15:41:18 DEBUG wire:73 -  << "Set-Cookie: JSESSIONID=7E1CDE8C6B238029F84161E58ABD2006;path=/;HttpOnly[\r][\n]"
2018-03-06 15:41:18 DEBUG wire:73 -  << "X-Seraph-LoginReason: OK[\r][\n]"
2018-03-06 15:41:18 DEBUG wire:73 -  << "Cache-Control: no-cache, no-store, no-transform[\r][\n]"
2018-03-06 15:41:18 DEBUG wire:73 -  << "Content-Encoding: gzip[\r][\n]"
2018-03-06 15:41:18 DEBUG wire:73 -  << "Vary: User-Agent[\r][\n]"
2018-03-06 15:41:18 DEBUG wire:73 -  << "Content-Type: application/json;charset=UTF-8[\r][\n]"
2018-03-06 15:41:18 DEBUG wire:73 -  << "Transfer-Encoding: chunked[\r][\n]"
2018-03-06 15:41:18 DEBUG wire:73 -  << "Date: Tue, 06 Mar 2018 20:41:18 GMT[\r][\n]"
2018-03-06 15:41:18 DEBUG wire:73 -  << "[\r][\n]"
2018-03-06 15:41:18 DEBUG DefaultClientConnection:259 - Receiving response: HTTP/1.1 200 
2018-03-06 15:41:18 DEBUG headers:262 - << HTTP/1.1 200 
2018-03-06 15:41:18 DEBUG headers:265 - << X-AREQUESTID: 941x1036x1
2018-03-06 15:41:18 DEBUG headers:265 - << X-XSS-Protection: 1; mode=block
2018-03-06 15:41:18 DEBUG headers:265 - << X-Content-Type-Options: nosniff
2018-03-06 15:41:18 DEBUG headers:265 - << X-Frame-Options: SAMEORIGIN
2018-03-06 15:41:18 DEBUG headers:265 - << Content-Security-Policy: frame-ancestors 'self'
2018-03-06 15:41:18 DEBUG headers:265 - << X-ASEN: SEN-L11205064
2018-03-06 15:41:18 DEBUG headers:265 - << Set-Cookie: atlassian.xsrf.token=B7CE-W3BH-K0H6-IJ62|910a4ec38f05b60443a93c7aaf15b94e8cfa1270|lout;path=/
2018-03-06 15:41:18 DEBUG headers:265 - << X-AUSERNAME: anonymous
2018-03-06 15:41:18 DEBUG headers:265 - << Set-Cookie: JSESSIONID=7E1CDE8C6B238029F84161E58ABD2006;path=/;HttpOnly
2018-03-06 15:41:18 DEBUG headers:265 - << X-Seraph-LoginReason: OK
2018-03-06 15:41:18 DEBUG headers:265 - << Cache-Control: no-cache, no-store, no-transform
2018-03-06 15:41:18 DEBUG headers:265 - << Content-Encoding: gzip
2018-03-06 15:41:18 DEBUG headers:265 - << Vary: User-Agent
2018-03-06 15:41:18 DEBUG headers:265 - << Content-Type: application/json;charset=UTF-8
2018-03-06 15:41:18 DEBUG headers:265 - << Transfer-Encoding: chunked
2018-03-06 15:41:18 DEBUG headers:265 - << Date: Tue, 06 Mar 2018 20:41:18 GMT
2018-03-06 15:41:18 DEBUG DefaultHttpClient:509 - Connection can be kept alive indefinitely
2018-03-06 15:41:18 DEBUG RequestSpecificationImpl$RestAssuredHttpBuilder:544 - Parsing response as: application/json;charset=UTF-8
2018-03-06 15:41:18 DEBUG wire:73 -  << "b5[\r][\n]"
2018-03-06 15:41:18 DEBUG wire:87 -  << "[0x1f][0x8b][0x8][0x0][0x0][0x0][0x0][0x0][0x0][0x0]l[0x8e]A[0xe][0x82]0[0x14]D[0xef][0xf2][0xd7]H~[ZJw[0x2]%[0xc1][0x18]][0xc0][0x5]H[0x4][0xd3][0x4][c[0x81][\r][0xe1][0xee][0x82][0x92][0xb8]q[0xf9]&[0xf3]&3[0x83]o[0xbd]7[0xce][0x82][0x9a][0xc1]6[0x8f][0x16][0x14][0x9c]*]U[0xe5][0xf5]R[0xe6][0x10][0xc0][0xd4][0xf4][0xe3][0x16][0xc6][0x9a]d[0xb9][0x96][0x99]H)[0x93]H[0x93]BFD[0x10][0xcd][0xe5]1[0xcd])[0xa2][0x80]%[0x80][0xde][0xdd][0x8d]-m[0xe7][0xb6][0xb1][0xae]1}{;oQ[0xe6]F;[0x80]b{c[0xc7]H[0xac][0xdc][0xf8][0xa1][0xf8][0x15]k[0xf3]9@[0x91][0xc8][0x3][0xb2][0x3][0xf2][0x9a]2[0x85]L[0x11][0xc]9[0xe3]+#[0xae][0x97][0x9e][0xaf]v2n[0xf4][0x15]Q[0x13][0xae][0x98]P4[0x9]y[0x14][0x95]ey[0x3][0x0][0x0][0xff][0xff]"
2018-03-06 15:41:18 DEBUG wire:73 -  << "[\r][\n]"
2018-03-06 15:41:18 DEBUG wire:73 -  << "a[\r][\n]"
2018-03-06 15:41:18 DEBUG wire:87 -  << "[0x3][0x0]<[0xb3]N[0xff][0xe7][0x0][0x0][0x0]"
2018-03-06 15:41:18 DEBUG wire:73 -  << "[\r][\n]"
2018-03-06 15:41:18 DEBUG wire:73 -  << "0[\r][\n]"
2018-03-06 15:41:18 DEBUG wire:73 -  << "[\r][\n]"
2018-03-06 15:41:18 DEBUG RequestSpecificationImpl$RestAssuredHttpBuilder:547 - Parsed data to instance of: class org.apache.http.conn.EofSensorInputStream
2018-03-06 15:41:19 DEBUG BasicClientConnectionManager:200 - Releasing connection org.apache.http.impl.conn.ManagedClientConnectionImpl@675c416e
2018-03-06 15:41:19 DEBUG BasicClientConnectionManager:225 - Connection can be kept alive indefinitely
2018-03-06 15:43:10 DEBUG BasicClientConnectionManager:161 - Get connection for route {}->http://localhost:8080
2018-03-06 15:43:10 DEBUG DefaultClientConnectionOperator:177 - Connecting to localhost:8080
2018-03-06 15:43:10 DEBUG RequestAddCookies:123 - CookieSpec selected: ignoreCookies
2018-03-06 15:43:10 DEBUG RequestAuthCache:77 - Auth cache not set in the context
2018-03-06 15:43:10 DEBUG RequestTargetAuthentication:80 - Target auth state: UNCHALLENGED
2018-03-06 15:43:10 DEBUG RequestProxyAuthentication:89 - Proxy auth state: UNCHALLENGED
2018-03-06 15:43:10 DEBUG DefaultHttpClient:682 - Attempt 1 to execute request
2018-03-06 15:43:10 DEBUG DefaultClientConnection:274 - Sending request: POST /rest/auth/1/session HTTP/1.1
2018-03-06 15:43:10 DEBUG wire:73 -  >> "POST /rest/auth/1/session HTTP/1.1[\r][\n]"
2018-03-06 15:43:10 DEBUG wire:73 -  >> "Accept: */*[\r][\n]"
2018-03-06 15:43:10 DEBUG wire:73 -  >> "Content-Type: application/json; charset=UTF-8[\r][\n]"
2018-03-06 15:43:10 DEBUG wire:73 -  >> "Content-Length: 49[\r][\n]"
2018-03-06 15:43:10 DEBUG wire:73 -  >> "Host: localhost:8080[\r][\n]"
2018-03-06 15:43:10 DEBUG wire:73 -  >> "Connection: Keep-Alive[\r][\n]"
2018-03-06 15:43:10 DEBUG wire:73 -  >> "User-Agent: Apache-HttpClient/4.5.3 (Java/1.8.0_151)[\r][\n]"
2018-03-06 15:43:10 DEBUG wire:73 -  >> "Accept-Encoding: gzip,deflate[\r][\n]"
2018-03-06 15:43:10 DEBUG wire:73 -  >> "[\r][\n]"
2018-03-06 15:43:10 DEBUG headers:278 - >> POST /rest/auth/1/session HTTP/1.1
2018-03-06 15:43:10 DEBUG headers:281 - >> Accept: */*
2018-03-06 15:43:10 DEBUG headers:281 - >> Content-Type: application/json; charset=UTF-8
2018-03-06 15:43:10 DEBUG headers:281 - >> Content-Length: 49
2018-03-06 15:43:10 DEBUG headers:281 - >> Host: localhost:8080
2018-03-06 15:43:10 DEBUG headers:281 - >> Connection: Keep-Alive
2018-03-06 15:43:10 DEBUG headers:281 - >> User-Agent: Apache-HttpClient/4.5.3 (Java/1.8.0_151)
2018-03-06 15:43:10 DEBUG headers:281 - >> Accept-Encoding: gzip,deflate
2018-03-06 15:43:10 DEBUG wire:73 -  >> "{[\r][\n]"
2018-03-06 15:43:10 DEBUG wire:73 -  >> "  "username":"jahid",[\r][\n]"
2018-03-06 15:43:10 DEBUG wire:73 -  >> "  "password":"12345"[\r][\n]"
2018-03-06 15:43:10 DEBUG wire:87 -  >> "}"
2018-03-06 15:43:10 DEBUG wire:73 -  << "HTTP/1.1 200 [\r][\n]"
2018-03-06 15:43:10 DEBUG wire:73 -  << "X-AREQUESTID: 943x1037x1[\r][\n]"
2018-03-06 15:43:10 DEBUG wire:73 -  << "X-XSS-Protection: 1; mode=block[\r][\n]"
2018-03-06 15:43:10 DEBUG wire:73 -  << "X-Content-Type-Options: nosniff[\r][\n]"
2018-03-06 15:43:10 DEBUG wire:73 -  << "X-Frame-Options: SAMEORIGIN[\r][\n]"
2018-03-06 15:43:10 DEBUG wire:73 -  << "Content-Security-Policy: frame-ancestors 'self'[\r][\n]"
2018-03-06 15:43:11 DEBUG wire:73 -  << "X-ASEN: SEN-L11205064[\r][\n]"
2018-03-06 15:43:11 DEBUG wire:73 -  << "Set-Cookie: atlassian.xsrf.token=B7CE-W3BH-K0H6-IJ62|f45c4d677da5507c3b1e6ec5c0f03ee13c6f767f|lout;path=/[\r][\n]"
2018-03-06 15:43:11 DEBUG wire:73 -  << "X-AUSERNAME: anonymous[\r][\n]"
2018-03-06 15:43:11 DEBUG wire:73 -  << "Set-Cookie: JSESSIONID=97633FCA74D0A8E225ABC3647ED4289A;path=/;HttpOnly[\r][\n]"
2018-03-06 15:43:11 DEBUG wire:73 -  << "X-Seraph-LoginReason: OK[\r][\n]"
2018-03-06 15:43:11 DEBUG wire:73 -  << "Cache-Control: no-cache, no-store, no-transform[\r][\n]"
2018-03-06 15:43:11 DEBUG wire:73 -  << "Content-Encoding: gzip[\r][\n]"
2018-03-06 15:43:11 DEBUG wire:73 -  << "Vary: User-Agent[\r][\n]"
2018-03-06 15:43:11 DEBUG wire:73 -  << "Content-Type: application/json;charset=UTF-8[\r][\n]"
2018-03-06 15:43:11 DEBUG wire:73 -  << "Transfer-Encoding: chunked[\r][\n]"
2018-03-06 15:43:11 DEBUG wire:73 -  << "Date: Tue, 06 Mar 2018 20:43:10 GMT[\r][\n]"
2018-03-06 15:43:11 DEBUG wire:73 -  << "[\r][\n]"
2018-03-06 15:43:11 DEBUG DefaultClientConnection:259 - Receiving response: HTTP/1.1 200 
2018-03-06 15:43:11 DEBUG headers:262 - << HTTP/1.1 200 
2018-03-06 15:43:11 DEBUG headers:265 - << X-AREQUESTID: 943x1037x1
2018-03-06 15:43:11 DEBUG headers:265 - << X-XSS-Protection: 1; mode=block
2018-03-06 15:43:11 DEBUG headers:265 - << X-Content-Type-Options: nosniff
2018-03-06 15:43:11 DEBUG headers:265 - << X-Frame-Options: SAMEORIGIN
2018-03-06 15:43:11 DEBUG headers:265 - << Content-Security-Policy: frame-ancestors 'self'
2018-03-06 15:43:11 DEBUG headers:265 - << X-ASEN: SEN-L11205064
2018-03-06 15:43:11 DEBUG headers:265 - << Set-Cookie: atlassian.xsrf.token=B7CE-W3BH-K0H6-IJ62|f45c4d677da5507c3b1e6ec5c0f03ee13c6f767f|lout;path=/
2018-03-06 15:43:11 DEBUG headers:265 - << X-AUSERNAME: anonymous
2018-03-06 15:43:11 DEBUG headers:265 - << Set-Cookie: JSESSIONID=97633FCA74D0A8E225ABC3647ED4289A;path=/;HttpOnly
2018-03-06 15:43:11 DEBUG headers:265 - << X-Seraph-LoginReason: OK
2018-03-06 15:43:11 DEBUG headers:265 - << Cache-Control: no-cache, no-store, no-transform
2018-03-06 15:43:11 DEBUG headers:265 - << Content-Encoding: gzip
2018-03-06 15:43:11 DEBUG headers:265 - << Vary: User-Agent
2018-03-06 15:43:11 DEBUG headers:265 - << Content-Type: application/json;charset=UTF-8
2018-03-06 15:43:11 DEBUG headers:265 - << Transfer-Encoding: chunked
2018-03-06 15:43:11 DEBUG headers:265 - << Date: Tue, 06 Mar 2018 20:43:10 GMT
2018-03-06 15:43:11 DEBUG DefaultHttpClient:509 - Connection can be kept alive indefinitely
2018-03-06 15:43:11 DEBUG RequestSpecificationImpl$RestAssuredHttpBuilder:544 - Parsing response as: application/json;charset=UTF-8
2018-03-06 15:43:11 DEBUG wire:73 -  << "b4[\r][\n]"
2018-03-06 15:43:11 DEBUG wire:73 -  << "[0x1f][0x8b][0x8][0x0][0x0][0x0][0x0][0x0][0x0][0x0]l[0x8e][0xcb][\n]"
2018-03-06 15:43:11 DEBUG wire:87 -  << "[0x83]0[0x14]D[0xff][0xe5][0xae]Un[0x9e][0xc6][0xec][0xac][0xf][0xb0][0x94]v[0xa1]? TK[0xc0]&[0xa5]Q7[0xe2][0xbf]W[0x8b][0xd0]M[0x97]g[0x98]3[0xcc][0x2][0xbe][0xf3][0xde]8[0xb]z[0x1][0xdb]>;[0xd0]p[0xae][0x8b][0xba][0xae]n[0xd7]*[0x87][0x0][0xe6]v[0x98][0xf6]0[0x89]%ce[0x96][0xc6]<[0xc7]T[0x15][0x94][0x8a][0xf4][0x94]1[0xc9][0xe3]"[0xe7]T%)[0xac][0x1][0xc][0xee]ale{[0xb7][0x8f][0xf5][0xad][0x19][0xba][0xfb]e[0x8f]27[0xd9][0x11]4;[0x1a][0x7][0xf2]x[0xe3][0xd6][0x8f][0xe5][0xaf][0xd8][0x98][0xef][0x1][0x8a]D[0x85][0xc8]B[0x14][\r]e[0x1a][0x99]&[0x18][0x9]&6F[0xdc].[0xbd][0xde][0xdd]l[0xdc][0xe4][0xff]*[0xb2]!Bs[0xa2][0x89][0x8a][0xa8]<[0x94]u[0xfd][0x0][0x0][0x0][0xff][0xff]"
2018-03-06 15:43:11 DEBUG wire:73 -  << "[\r][\n]"
2018-03-06 15:43:11 DEBUG wire:73 -  << "a[\r][\n]"
2018-03-06 15:43:11 DEBUG wire:87 -  << "[0x3][0x0][0x80]%[0xdb][0xcf][0xe7][0x0][0x0][0x0]"
2018-03-06 15:43:11 DEBUG wire:73 -  << "[\r][\n]"
2018-03-06 15:43:11 DEBUG wire:73 -  << "0[\r][\n]"
2018-03-06 15:43:11 DEBUG wire:73 -  << "[\r][\n]"
2018-03-06 15:43:11 DEBUG RequestSpecificationImpl$RestAssuredHttpBuilder:547 - Parsed data to instance of: class org.apache.http.conn.EofSensorInputStream
2018-03-06 15:43:11 DEBUG BasicClientConnectionManager:200 - Releasing connection org.apache.http.impl.conn.ManagedClientConnectionImpl@4bcda9f2
2018-03-06 15:43:11 DEBUG BasicClientConnectionManager:225 - Connection can be kept alive indefinitely
2018-03-06 15:47:19 DEBUG BasicClientConnectionManager:161 - Get connection for route {}->http://localhost:8080
2018-03-06 15:47:19 DEBUG DefaultClientConnectionOperator:177 - Connecting to localhost:8080
2018-03-06 15:47:19 DEBUG RequestAddCookies:123 - CookieSpec selected: ignoreCookies
2018-03-06 15:47:19 DEBUG RequestAuthCache:77 - Auth cache not set in the context
2018-03-06 15:47:19 DEBUG RequestTargetAuthentication:80 - Target auth state: UNCHALLENGED
2018-03-06 15:47:19 DEBUG RequestProxyAuthentication:89 - Proxy auth state: UNCHALLENGED
2018-03-06 15:47:19 DEBUG DefaultHttpClient:682 - Attempt 1 to execute request
2018-03-06 15:47:19 DEBUG DefaultClientConnection:274 - Sending request: POST /rest/auth/1/session HTTP/1.1
2018-03-06 15:47:19 DEBUG wire:73 -  >> "POST /rest/auth/1/session HTTP/1.1[\r][\n]"
2018-03-06 15:47:19 DEBUG wire:73 -  >> "Accept: */*[\r][\n]"
2018-03-06 15:47:19 DEBUG wire:73 -  >> "Content-Type: application/json; charset=UTF-8[\r][\n]"
2018-03-06 15:47:19 DEBUG wire:73 -  >> "Content-Length: 49[\r][\n]"
2018-03-06 15:47:19 DEBUG wire:73 -  >> "Host: localhost:8080[\r][\n]"
2018-03-06 15:47:19 DEBUG wire:73 -  >> "Connection: Keep-Alive[\r][\n]"
2018-03-06 15:47:19 DEBUG wire:73 -  >> "User-Agent: Apache-HttpClient/4.5.3 (Java/1.8.0_151)[\r][\n]"
2018-03-06 15:47:19 DEBUG wire:73 -  >> "Accept-Encoding: gzip,deflate[\r][\n]"
2018-03-06 15:47:19 DEBUG wire:73 -  >> "[\r][\n]"
2018-03-06 15:47:19 DEBUG headers:278 - >> POST /rest/auth/1/session HTTP/1.1
2018-03-06 15:47:19 DEBUG headers:281 - >> Accept: */*
2018-03-06 15:47:19 DEBUG headers:281 - >> Content-Type: application/json; charset=UTF-8
2018-03-06 15:47:19 DEBUG headers:281 - >> Content-Length: 49
2018-03-06 15:47:19 DEBUG headers:281 - >> Host: localhost:8080
2018-03-06 15:47:19 DEBUG headers:281 - >> Connection: Keep-Alive
2018-03-06 15:47:19 DEBUG headers:281 - >> User-Agent: Apache-HttpClient/4.5.3 (Java/1.8.0_151)
2018-03-06 15:47:19 DEBUG headers:281 - >> Accept-Encoding: gzip,deflate
2018-03-06 15:47:19 DEBUG wire:73 -  >> "{[\r][\n]"
2018-03-06 15:47:19 DEBUG wire:73 -  >> "  "username":"jahid",[\r][\n]"
2018-03-06 15:47:19 DEBUG wire:73 -  >> "  "password":"12345"[\r][\n]"
2018-03-06 15:47:19 DEBUG wire:87 -  >> "}"
2018-03-06 15:47:20 DEBUG wire:73 -  << "HTTP/1.1 200 [\r][\n]"
2018-03-06 15:47:20 DEBUG wire:73 -  << "X-AREQUESTID: 947x1038x1[\r][\n]"
2018-03-06 15:47:20 DEBUG wire:73 -  << "X-XSS-Protection: 1; mode=block[\r][\n]"
2018-03-06 15:47:20 DEBUG wire:73 -  << "X-Content-Type-Options: nosniff[\r][\n]"
2018-03-06 15:47:20 DEBUG wire:73 -  << "X-Frame-Options: SAMEORIGIN[\r][\n]"
2018-03-06 15:47:20 DEBUG wire:73 -  << "Content-Security-Policy: frame-ancestors 'self'[\r][\n]"
2018-03-06 15:47:20 DEBUG wire:73 -  << "X-ASEN: SEN-L11205064[\r][\n]"
2018-03-06 15:47:20 DEBUG wire:73 -  << "Set-Cookie: atlassian.xsrf.token=B7CE-W3BH-K0H6-IJ62|84d423b5d9a2544e9273a9cfbd59bcf3847ce7a5|lout;path=/[\r][\n]"
2018-03-06 15:47:20 DEBUG wire:73 -  << "X-AUSERNAME: anonymous[\r][\n]"
2018-03-06 15:47:20 DEBUG wire:73 -  << "Set-Cookie: JSESSIONID=C3BE6298A7C16D56B94C0DEBF752692A;path=/;HttpOnly[\r][\n]"
2018-03-06 15:47:20 DEBUG wire:73 -  << "X-Seraph-LoginReason: OK[\r][\n]"
2018-03-06 15:47:20 DEBUG wire:73 -  << "Cache-Control: no-cache, no-store, no-transform[\r][\n]"
2018-03-06 15:47:20 DEBUG wire:73 -  << "Content-Encoding: gzip[\r][\n]"
2018-03-06 15:47:20 DEBUG wire:73 -  << "Vary: User-Agent[\r][\n]"
2018-03-06 15:47:20 DEBUG wire:73 -  << "Content-Type: application/json;charset=UTF-8[\r][\n]"
2018-03-06 15:47:20 DEBUG wire:73 -  << "Transfer-Encoding: chunked[\r][\n]"
2018-03-06 15:47:20 DEBUG wire:73 -  << "Date: Tue, 06 Mar 2018 20:47:20 GMT[\r][\n]"
2018-03-06 15:47:20 DEBUG wire:73 -  << "[\r][\n]"
2018-03-06 15:47:20 DEBUG DefaultClientConnection:259 - Receiving response: HTTP/1.1 200 
2018-03-06 15:47:20 DEBUG headers:262 - << HTTP/1.1 200 
2018-03-06 15:47:20 DEBUG headers:265 - << X-AREQUESTID: 947x1038x1
2018-03-06 15:47:20 DEBUG headers:265 - << X-XSS-Protection: 1; mode=block
2018-03-06 15:47:20 DEBUG headers:265 - << X-Content-Type-Options: nosniff
2018-03-06 15:47:20 DEBUG headers:265 - << X-Frame-Options: SAMEORIGIN
2018-03-06 15:47:20 DEBUG headers:265 - << Content-Security-Policy: frame-ancestors 'self'
2018-03-06 15:47:20 DEBUG headers:265 - << X-ASEN: SEN-L11205064
2018-03-06 15:47:20 DEBUG headers:265 - << Set-Cookie: atlassian.xsrf.token=B7CE-W3BH-K0H6-IJ62|84d423b5d9a2544e9273a9cfbd59bcf3847ce7a5|lout;path=/
2018-03-06 15:47:20 DEBUG headers:265 - << X-AUSERNAME: anonymous
2018-03-06 15:47:20 DEBUG headers:265 - << Set-Cookie: JSESSIONID=C3BE6298A7C16D56B94C0DEBF752692A;path=/;HttpOnly
2018-03-06 15:47:20 DEBUG headers:265 - << X-Seraph-LoginReason: OK
2018-03-06 15:47:20 DEBUG headers:265 - << Cache-Control: no-cache, no-store, no-transform
2018-03-06 15:47:20 DEBUG headers:265 - << Content-Encoding: gzip
2018-03-06 15:47:20 DEBUG headers:265 - << Vary: User-Agent
2018-03-06 15:47:20 DEBUG headers:265 - << Content-Type: application/json;charset=UTF-8
2018-03-06 15:47:20 DEBUG headers:265 - << Transfer-Encoding: chunked
2018-03-06 15:47:20 DEBUG headers:265 - << Date: Tue, 06 Mar 2018 20:47:20 GMT
2018-03-06 15:47:20 DEBUG DefaultHttpClient:509 - Connection can be kept alive indefinitely
2018-03-06 15:47:20 DEBUG RequestSpecificationImpl$RestAssuredHttpBuilder:544 - Parsing response as: application/json;charset=UTF-8
2018-03-06 15:47:20 DEBUG wire:73 -  << "b3[\r][\n]"
2018-03-06 15:47:21 DEBUG wire:73 -  << "[0x1f][0x8b][0x8][0x0][0x0][0x0][0x0][0x0][0x0][0x0]l[0x8e][0xcb][\n]"
2018-03-06 15:47:21 DEBUG wire:87 -  << "[0x83]0[0x14]D[0xff][0xe5][0xae][0xb5][0xc4][0xbc]4[0xd9][0xf9][0x4]Ki[0x17][0xfa][0x3][0x81][0xc6][0x12][0xb0]Ii[0xd4][0x8d][0xf8][0xef]U+t[0xd3][0xe5][0x19][0xe6][0xc]3[0x83][0xd7][0xde][0x1b]gA[0xce]`[0xd5]S[0x83][0x84]sS6M}[0xbb][0xd6][0x5][0x4]0[0xa9]~[0xdc][0xc2][0x9c]d%[0xc7]"I[0xe3]<[0xe2][0x5][0xe3][0x99][0xa0]9*[0xca][0xac][0x8a][0x19][0xe6][0x2][0xa7][0xb0][0x4][0xd0][0xbb][0x87][0xb1][0xb5][0xed][0xdc]6[0xd6])[0xd3][0xeb][0xfb]e[0x8b]r7[0xda][0x1]$9[0x1a][0x7][0xd2]de[0xe5][0x87][0xea]Wl[0xcd]~[0x0][0xa3]([0x9][0x11][0x9][0x11]k1[0x91][0x88][0xc8][0x8][0x9d][0x18]a+#[0xb4]^z[0xbd][0xf5]d[0xdc][0xe8][0xff]*[0xbc][0x8d][0x98][0xa4][0xbb]"h[0xfc]U[0x96][0xe5][0x3][0x0][0x0][0xff][0xff]"
2018-03-06 15:47:21 DEBUG wire:73 -  << "[\r][\n]"
2018-03-06 15:47:21 DEBUG wire:73 -  << "a[\r][\n]"
2018-03-06 15:47:21 DEBUG wire:87 -  << "[0x3][0x0]A[0x97][0x93][0x9][0xe7][0x0][0x0][0x0]"
2018-03-06 15:47:21 DEBUG wire:73 -  << "[\r][\n]"
2018-03-06 15:47:21 DEBUG wire:73 -  << "0[\r][\n]"
2018-03-06 15:47:21 DEBUG wire:73 -  << "[\r][\n]"
2018-03-06 15:47:21 DEBUG RequestSpecificationImpl$RestAssuredHttpBuilder:547 - Parsed data to instance of: class org.apache.http.conn.EofSensorInputStream
2018-03-06 15:47:22 DEBUG BasicClientConnectionManager:200 - Releasing connection org.apache.http.impl.conn.ManagedClientConnectionImpl@adc6b16
2018-03-06 15:47:22 DEBUG BasicClientConnectionManager:225 - Connection can be kept alive indefinitely
2018-03-19 23:48:58 DEBUG BasicClientConnectionManager:161 - Get connection for route {}->http://localhost:8080
2018-03-19 23:48:59 DEBUG DefaultClientConnectionOperator:177 - Connecting to localhost:8080
2018-03-19 23:48:59 DEBUG RequestAddCookies:123 - CookieSpec selected: ignoreCookies
2018-03-19 23:48:59 DEBUG RequestAuthCache:77 - Auth cache not set in the context
2018-03-19 23:48:59 DEBUG RequestTargetAuthentication:80 - Target auth state: UNCHALLENGED
2018-03-19 23:48:59 DEBUG RequestProxyAuthentication:89 - Proxy auth state: UNCHALLENGED
2018-03-19 23:48:59 DEBUG DefaultHttpClient:682 - Attempt 1 to execute request
2018-03-19 23:48:59 DEBUG DefaultClientConnection:274 - Sending request: POST /rest/auth/1/session HTTP/1.1
2018-03-19 23:48:59 DEBUG wire:73 -  >> "POST /rest/auth/1/session HTTP/1.1[\r][\n]"
2018-03-19 23:48:59 DEBUG wire:73 -  >> "Accept: */*[\r][\n]"
2018-03-19 23:48:59 DEBUG wire:73 -  >> "Content-Type: application/json; charset=UTF-8[\r][\n]"
2018-03-19 23:48:59 DEBUG wire:73 -  >> "Content-Length: 49[\r][\n]"
2018-03-19 23:48:59 DEBUG wire:73 -  >> "Host: localhost:8080[\r][\n]"
2018-03-19 23:48:59 DEBUG wire:73 -  >> "Connection: Keep-Alive[\r][\n]"
2018-03-19 23:48:59 DEBUG wire:73 -  >> "User-Agent: Apache-HttpClient/4.5.3 (Java/1.8.0_151)[\r][\n]"
2018-03-19 23:48:59 DEBUG wire:73 -  >> "Accept-Encoding: gzip,deflate[\r][\n]"
2018-03-19 23:48:59 DEBUG wire:73 -  >> "[\r][\n]"
2018-03-19 23:48:59 DEBUG headers:278 - >> POST /rest/auth/1/session HTTP/1.1
2018-03-19 23:48:59 DEBUG headers:281 - >> Accept: */*
2018-03-19 23:48:59 DEBUG headers:281 - >> Content-Type: application/json; charset=UTF-8
2018-03-19 23:48:59 DEBUG headers:281 - >> Content-Length: 49
2018-03-19 23:48:59 DEBUG headers:281 - >> Host: localhost:8080
2018-03-19 23:48:59 DEBUG headers:281 - >> Connection: Keep-Alive
2018-03-19 23:48:59 DEBUG headers:281 - >> User-Agent: Apache-HttpClient/4.5.3 (Java/1.8.0_151)
2018-03-19 23:48:59 DEBUG headers:281 - >> Accept-Encoding: gzip,deflate
2018-03-19 23:48:59 DEBUG wire:73 -  >> "{[\r][\n]"
2018-03-19 23:48:59 DEBUG wire:73 -  >> "  "username":"jahid",[\r][\n]"
2018-03-19 23:48:59 DEBUG wire:73 -  >> "  "password":"12345"[\r][\n]"
2018-03-19 23:48:59 DEBUG wire:87 -  >> "}"
2018-03-19 23:48:59 DEBUG wire:73 -  << "HTTP/1.1 200 [\r][\n]"
2018-03-19 23:48:59 DEBUG wire:73 -  << "X-AREQUESTID: 1428x332x1[\r][\n]"
2018-03-19 23:48:59 DEBUG wire:73 -  << "X-XSS-Protection: 1; mode=block[\r][\n]"
2018-03-19 23:48:59 DEBUG wire:73 -  << "X-Content-Type-Options: nosniff[\r][\n]"
2018-03-19 23:48:59 DEBUG wire:73 -  << "X-Frame-Options: SAMEORIGIN[\r][\n]"
2018-03-19 23:48:59 DEBUG wire:73 -  << "Content-Security-Policy: frame-ancestors 'self'[\r][\n]"
2018-03-19 23:48:59 DEBUG wire:73 -  << "X-ASEN: SEN-L11205064[\r][\n]"
2018-03-19 23:48:59 DEBUG wire:73 -  << "Set-Cookie: atlassian.xsrf.token=B7CE-W3BH-K0H6-IJ62|b8ddd224902488f976f278941ee5a1673704907e|lout;path=/[\r][\n]"
2018-03-19 23:48:59 DEBUG wire:73 -  << "X-AUSERNAME: anonymous[\r][\n]"
2018-03-19 23:48:59 DEBUG wire:73 -  << "Set-Cookie: JSESSIONID=D248B9082F7C66C43F17C6D2C11B923C;path=/;HttpOnly[\r][\n]"
2018-03-19 23:48:59 DEBUG wire:73 -  << "X-Seraph-LoginReason: OK[\r][\n]"
2018-03-19 23:48:59 DEBUG wire:73 -  << "Cache-Control: no-cache, no-store, no-transform[\r][\n]"
2018-03-19 23:48:59 DEBUG wire:73 -  << "Content-Encoding: gzip[\r][\n]"
2018-03-19 23:48:59 DEBUG wire:73 -  << "Vary: User-Agent[\r][\n]"
2018-03-19 23:48:59 DEBUG wire:73 -  << "Content-Type: application/json;charset=UTF-8[\r][\n]"
2018-03-19 23:48:59 DEBUG wire:73 -  << "Transfer-Encoding: chunked[\r][\n]"
2018-03-19 23:48:59 DEBUG wire:73 -  << "Date: Tue, 20 Mar 2018 03:48:59 GMT[\r][\n]"
2018-03-19 23:48:59 DEBUG wire:73 -  << "[\r][\n]"
2018-03-19 23:48:59 DEBUG DefaultClientConnection:259 - Receiving response: HTTP/1.1 200 
2018-03-19 23:48:59 DEBUG headers:262 - << HTTP/1.1 200 
2018-03-19 23:48:59 DEBUG headers:265 - << X-AREQUESTID: 1428x332x1
2018-03-19 23:48:59 DEBUG headers:265 - << X-XSS-Protection: 1; mode=block
2018-03-19 23:48:59 DEBUG headers:265 - << X-Content-Type-Options: nosniff
2018-03-19 23:48:59 DEBUG headers:265 - << X-Frame-Options: SAMEORIGIN
2018-03-19 23:48:59 DEBUG headers:265 - << Content-Security-Policy: frame-ancestors 'self'
2018-03-19 23:48:59 DEBUG headers:265 - << X-ASEN: SEN-L11205064
2018-03-19 23:48:59 DEBUG headers:265 - << Set-Cookie: atlassian.xsrf.token=B7CE-W3BH-K0H6-IJ62|b8ddd224902488f976f278941ee5a1673704907e|lout;path=/
2018-03-19 23:48:59 DEBUG headers:265 - << X-AUSERNAME: anonymous
2018-03-19 23:48:59 DEBUG headers:265 - << Set-Cookie: JSESSIONID=D248B9082F7C66C43F17C6D2C11B923C;path=/;HttpOnly
2018-03-19 23:48:59 DEBUG headers:265 - << X-Seraph-LoginReason: OK
2018-03-19 23:48:59 DEBUG headers:265 - << Cache-Control: no-cache, no-store, no-transform
2018-03-19 23:48:59 DEBUG headers:265 - << Content-Encoding: gzip
2018-03-19 23:48:59 DEBUG headers:265 - << Vary: User-Agent
2018-03-19 23:48:59 DEBUG headers:265 - << Content-Type: application/json;charset=UTF-8
2018-03-19 23:48:59 DEBUG headers:265 - << Transfer-Encoding: chunked
2018-03-19 23:48:59 DEBUG headers:265 - << Date: Tue, 20 Mar 2018 03:48:59 GMT
2018-03-19 23:48:59 DEBUG DefaultHttpClient:509 - Connection can be kept alive indefinitely
2018-03-19 23:49:00 DEBUG RequestSpecificationImpl$RestAssuredHttpBuilder:544 - Parsing response as: application/json;charset=UTF-8
2018-03-19 23:49:00 DEBUG wire:73 -  << "b6[\r][\n]"
2018-03-19 23:49:00 DEBUG wire:73 -  << "[0x1f][0x8b][0x8][0x0][0x0][0x0][0x0][0x0][0x0][0x0]l[0x8e]A[\n]"
2018-03-19 23:49:00 DEBUG wire:73 -  << "[0x83]0[0x14]D[0xef][0xf2][0xd7]*[0xf9]1[0xc6]$Kc[0x5]Ki[0x17]z[0x81]@[0xb5][0x4]lR[0x1a]u#[0xde][0xbd]Z[0x84]n[0xba][0x9b][0x19][0xde][0xc][0xb3]@[0xe8]B[0xb0][0xde][0x81]Z[0xc0][0x99]g[0x7][\n]"
2018-03-19 23:49:00 DEBUG wire:87 -  << "[0xce][0xcd][0xa9]i[0xea][0xdb][0xb5].![0x82][0xd9][0xc][0xd3][0x1e][0x96][0x94][0x89]B[0x12]A[0xab]\s[0xae]YZ[0xe1]&J[0xaa][0x11][0xb]IS[\r]k[0x4][0x83]XW[0xbb][0xde][0xef]c[0xbd][0xb1]Cw[0xbf][0xec][0x91][0xf6][0x93][0x1b]A[0xb1][0x83]8,[0xc7][0xcd][0x9b]0V?[0xb0][0xb5][0xdf][0x3][0x94][0xa0][0x88]I[0x1a]#i1S([0x15][0xd2]D[0xf2]4&[0x19]![0xdb][0xa5][0xd7][0xbb][0x9b][0xad][0x9f][0xc2][0xdf][0x8a]l)*[0xca][0x14][0x93]I.0&l[0xab][0xac][0xeb][0x7][0x0][0x0][0xff][0xff]"
2018-03-19 23:49:00 DEBUG wire:73 -  << "[\r][\n]"
2018-03-19 23:49:00 DEBUG wire:73 -  << "a[\r][\n]"
2018-03-19 23:49:00 DEBUG wire:87 -  << "[0x3][0x0]F[0x83][0x82]}[0xe7][0x0][0x0][0x0]"
2018-03-19 23:49:00 DEBUG wire:73 -  << "[\r][\n]"
2018-03-19 23:49:00 DEBUG wire:73 -  << "0[\r][\n]"
2018-03-19 23:49:00 DEBUG wire:73 -  << "[\r][\n]"
2018-03-19 23:49:00 DEBUG RequestSpecificationImpl$RestAssuredHttpBuilder:547 - Parsed data to instance of: class org.apache.http.conn.EofSensorInputStream
2018-03-19 23:49:01 DEBUG BasicClientConnectionManager:200 - Releasing connection org.apache.http.impl.conn.ManagedClientConnectionImpl@5b0e67a1
2018-03-19 23:49:01 DEBUG BasicClientConnectionManager:225 - Connection can be kept alive indefinitely
